#
# A fatal error has been detected by the Java Runtime Environment:
#
#  SIGSEGV (0xb) at pc=0x000000010e54f354, pid=1047, tid=8707
#
# JRE version: Java(TM) SE Runtime Environment (13.0+33) (build 13+33)
# Java VM: Java HotSpot(TM) 64-Bit Server VM (13+33, mixed mode, sharing, tiered, compressed oops, g1 gc, bsd-amd64)
# Problematic frame:
# V  [libjvm.dylib+0x74f354]  EnableIf<HasDecorator<1097844ull, MO_UNORDERED>::value, oopDesc*>::type RawAccessBarrier<1097844ull>::load_internal<1097844ull, oopDesc*>(void*)+0x4
#
# No core dump will be written. Core dumps have been disabled. To enable core dumping, try "ulimit -c unlimited" before starting Java again
#
# If you would like to submit a bug report, please visit:
#   http://bugreport.java.com/bugreport/crash.jsp
#

---------------  S U M M A R Y ------------

Command Line: -Dfile.encoding=UTF-8 FlexiblePictureExplorer$8

Host: MacBookAir7,2 x86_64 1800 MHz, 4 cores, 8G, Darwin 18.7.0
Time: Sun Mar  1 14:25:01 2020 EST elapsed time: 0 seconds (0d 0h 0m 0s)

---------------  T H R E A D  ---------------

Current thread (0x00007fb92f003800):  JavaThread "main" [_thread_in_vm, id=8707, stack(0x0000700000ad3000,0x0000700000bd3000)]

Stack: [0x0000700000ad3000,0x0000700000bd3000],  sp=0x0000700000bd2d10,  free space=1023k
Native frames: (J=compiled Java code, A=aot compiled Java code, j=interpreted, Vv=VM code, C=native code)
V  [libjvm.dylib+0x74f354]  EnableIf<HasDecorator<1097844ull, MO_UNORDERED>::value, oopDesc*>::type RawAccessBarrier<1097844ull>::load_internal<1097844ull, oopDesc*>(void*)+0x4
V  [libjvm.dylib+0x74f319]  oopDesc* RawAccessBarrier<1097844ull>::oop_load<oopDesc*>(void*)+0x9
V  [libjvm.dylib+0x74f38b]  oopDesc* G1BarrierSet::AccessBarrier<1097844ull, G1BarrierSet>::oop_load_not_in_heap<oopDesc*>(oopDesc**)+0xb
V  [libjvm.dylib+0x3e2d15]  jni_GetStringUTFChars+0xde
C  [libjli.dylib+0x70bc]  PostJVMInit+0xad
C  [libjli.dylib+0x4a01]  JavaMain+0xa4f
C  [libjli.dylib+0x6d64]  ThreadJavaMain+0x9
C  [libsystem_pthread.dylib+0x32eb]  _pthread_body+0x7e
C  [libsystem_pthread.dylib+0x6249]  _pthread_start+0x42
C  [libsystem_pthread.dylib+0x240d]  thread_start+0xd


siginfo: si_signo: 11 (SIGSEGV), si_code: 1 (SEGV_MAPERR), si_addr: 0x0000000000000000

Register to memory mapping:

RAX=0x0 is NULL
RBX=0x00007fb92f003b10 points into unknown readable memory: e0 1d 75 0e 01 00 00 00
RCX=0x000000010e751de0: jni_NativeInterface+0 in /Library/Java/JavaVirtualMachines/jdk-13.jdk/Contents/Home/lib/server/libjvm.dylib at 0x000000010de00000
RDX=0x0 is NULL
RSP=0x0000700000bd2d10 is pointing into the stack for thread: 0x00007fb92f003800
RBP=0x0000700000bd2d10 is pointing into the stack for thread: 0x00007fb92f003800
RSI=0x0 is NULL
RDI=0x0 is NULL
R8 ={method} {0x000000080032b840} 'getCanonicalName' '()Ljava/lang/String;' in 'java/lang/Class'
R9 =0x00007fb92d402c30 points into unknown readable memory: 40 b8 32 00 08 00 00 00
R10=0x000000010e7ce510: _ZN19TemplateInterpreter13_active_tableE+0x4800 in /Library/Java/JavaVirtualMachines/jdk-13.jdk/Contents/Home/lib/server/libjvm.dylib at 0x000000010de00000
R11=0x00000008009d4000 is pointing into metadata
R12=0x00007fb92f003800 is a thread
R13=0x0 is NULL
R14=0x0 is NULL
R15=0x0 is NULL


Registers:
RAX=0x0000000000000000, RBX=0x00007fb92f003b10, RCX=0x000000010e751de0, RDX=0x0000000000000000
RSP=0x0000700000bd2d10, RBP=0x0000700000bd2d10, RSI=0x0000000000000000, RDI=0x0000000000000000
R8 =0x000000080032b840, R9 =0x00007fb92d402c30, R10=0x000000010e7ce510, R11=0x00000008009d4000
R12=0x00007fb92f003800, R13=0x0000000000000000, R14=0x0000000000000000, R15=0x0000000000000000
RIP=0x000000010e54f354, EFLAGS=0x0000000000010246, ERR=0x0000000000000004
  TRAPNO=0x000000000000000e

Top of Stack: (sp=0x0000700000bd2d10)
0x0000700000bd2d10:   0000700000bd2d20 000000010e54f319
0x0000700000bd2d20:   0000700000bd2d40 000000010e54f38b
0x0000700000bd2d30:   0000000000000000 00007fb92f003b10
0x0000700000bd2d40:   0000700000bd2de0 000000010e1e2d15
0x0000700000bd2d50:   0000700000bd2d70 000000010e54c233
0x0000700000bd2d60:   000000010e7c3901 00007fb92f003800
0x0000700000bd2d70:   0000700000bd2d90 000000010e54c4ca
0x0000700000bd2d80:   00007fb92f003800 0000000000000000
0x0000700000bd2d90:   0000700000bd2db0 000000010e54c49c
0x0000700000bd2da0:   00007fb92f003800 00007fb92f003b10
0x0000700000bd2db0:   0000700000bd2de0 00007fb92f003b10
0x0000700000bd2dc0:   00007fb92d403c40 0000000000000000
0x0000700000bd2dd0:   0000000000000000 00007fb92d403c48
0x0000700000bd2de0:   0000700000bd2e70 000000010d5c00bc
0x0000700000bd2df0:   000000010e7c3901 00007fb92f003800
0x0000700000bd2e00:   0000700000bd2e20 000000010e54c4ca
0x0000700000bd2e10:   00007fb92d402e50 00007fb92f003800
0x0000700000bd2e20:   0000700000bd2e40 000000010e54c49c
0x0000700000bd2e30:   00007fb92d402e90 0000000000000000
0x0000700000bd2e40:   0000700000bd2e70 53488970dc7c000e
0x0000700000bd2e50:   00007fb92f003b10 00007fb92d403c40
0x0000700000bd2e60:   00007fb92d403c58 00007fb92d403c48
0x0000700000bd2e70:   0000700000bd2f00 000000010d5bda01
0x0000700000bd2e80:   0000000000000000 000001709794a35c
0x0000700000bd2e90:   0000000400010002 00007fb92d400070
0x0000700000bd2ea0:   0000000000000000 0000000000000000
0x0000700000bd2eb0:   00007fb92d400438 0000000000000001
0x0000700000bd2ec0:   00007fb92d400250 00007fb92f003b10
0x0000700000bd2ed0:   000000010e751dd8 0000700000bd3000
0x0000700000bd2ee0:   0000000000000000 0000000000000000
0x0000700000bd2ef0:   0000000000000000 0000000000000000
0x0000700000bd2f00:   0000700000bd2f10 000000010d5bfd64 

Instructions: (pc=0x000000010e54f354)
0x000000010e54f254:   c1 5d c3 48 8d 3d 19 cd 05 00 48 8d 15 18 ce 05
0x000000010e54f264:   00 be ef 00 00 00 31 c0 e8 1c f4 b0 ff e8 b8 6e
0x000000010e54f274:   ed ff 31 c0 5d c3 66 0f 1f 44 00 00 55 48 89 e5
0x000000010e54f284:   e8 67 fc ff ff 48 89 c7 e8 6f fc ff ff ff c8 83
0x000000010e54f294:   f8 03 73 0f 48 98 48 8d 0d ef 5d 1f 00 48 8b 04
0x000000010e54f2a4:   c1 5d c3 48 8d 3d c9 cc 05 00 48 8d 15 c8 cd 05
0x000000010e54f2b4:   00 be ef 00 00 00 31 c0 e8 cc f3 b0 ff e8 68 6e
0x000000010e54f2c4:   ed ff 31 c0 5d c3 66 0f 1f 44 00 00 55 48 89 e5
0x000000010e54f2d4:   5d e9 26 00 00 00 66 0f 1f 44 00 00 55 48 89 e5
0x000000010e54f2e4:   5d e9 86 00 00 00 66 0f 1f 44 00 00 55 48 89 e5
0x000000010e54f2f4:   5d e9 86 00 00 00 66 0f 1f 44 00 00 55 48 89 e5
0x000000010e54f304:   5d e9 06 00 00 00 66 0f 1f 44 00 00 55 48 89 e5
0x000000010e54f314:   e8 17 00 00 00 48 89 c7 5d e9 1e 00 00 00 66 66
0x000000010e54f324:   66 66 66 2e 0f 1f 84 00 00 00 00 00 55 48 89 e5
0x000000010e54f334:   5d e9 16 00 00 00 66 0f 1f 44 00 00 55 48 89 e5
0x000000010e54f344:   5d e9 16 00 00 00 66 0f 1f 44 00 00 55 48 89 e5
0x000000010e54f354:   48 8b 07 5d c3 0f 1f 80 00 00 00 00 55 48 89 e5
0x000000010e54f364:   48 89 f8 5d c3 0f 1f 80 00 00 00 00 55 48 89 e5
0x000000010e54f374:   5d e9 96 ff ff ff 66 0f 1f 44 00 00 55 48 89 e5
0x000000010e54f384:   53 50 e8 25 00 00 00 48 89 c3 bf 74 c0 10 00 48
0x000000010e54f394:   89 de e8 75 fc ff ff 48 89 d8 48 83 c4 08 5b 5d
0x000000010e54f3a4:   c3 66 66 2e 0f 1f 84 00 00 00 00 00 55 48 89 e5
0x000000010e54f3b4:   5d e9 56 ff ff ff 66 0f 1f 44 00 00 55 48 89 e5
0x000000010e54f3c4:   5d e9 26 00 00 00 66 0f 1f 44 00 00 55 48 89 e5
0x000000010e54f3d4:   5d e9 86 00 00 00 66 0f 1f 44 00 00 55 48 89 e5
0x000000010e54f3e4:   5d e9 86 00 00 00 66 0f 1f 44 00 00 55 48 89 e5
0x000000010e54f3f4:   5d e9 06 00 00 00 66 0f 1f 44 00 00 55 48 89 e5
0x000000010e54f404:   e8 17 00 00 00 48 89 c7 5d e9 1e 00 00 00 66 66
0x000000010e54f414:   66 66 66 2e 0f 1f 84 00 00 00 00 00 55 48 89 e5
0x000000010e54f424:   5d e9 16 00 00 00 66 0f 1f 44 00 00 55 48 89 e5
0x000000010e54f434:   5d e9 16 00 00 00 66 0f 1f 44 00 00 55 48 89 e5
0x000000010e54f444:   48 8b 07 5d c3 0f 1f 80 00 00 00 00 55 48 89 e5 


Stack slot to memory mapping:
stack at sp + 0 slots: 0x0000700000bd2d20 is pointing into the stack for thread: 0x00007fb92f003800
stack at sp + 1 slots: 0x000000010e54f319: _ZN16RawAccessBarrierILy1097844EE8oop_loadIP7oopDescEET_Pv+0x9 in /Library/Java/JavaVirtualMachines/jdk-13.jdk/Contents/Home/lib/server/libjvm.dylib at 0x000000010de00000
stack at sp + 2 slots: 0x0000700000bd2d40 is pointing into the stack for thread: 0x00007fb92f003800
stack at sp + 3 slots: 0x000000010e54f38b: _ZN12G1BarrierSet13AccessBarrierILy1097844ES_E20oop_load_not_in_heapIP7oopDescEES4_PT_+0xb in /Library/Java/JavaVirtualMachines/jdk-13.jdk/Contents/Home/lib/server/libjvm.dylib at 0x000000010de00000
stack at sp + 4 slots: 0x0 is NULL
stack at sp + 5 slots: 0x00007fb92f003b10 points into unknown readable memory: e0 1d 75 0e 01 00 00 00
stack at sp + 6 slots: 0x0000700000bd2de0 is pointing into the stack for thread: 0x00007fb92f003800
stack at sp + 7 slots: 0x000000010e1e2d15: jni_GetStringUTFChars+0xde in /Library/Java/JavaVirtualMachines/jdk-13.jdk/Contents/Home/lib/server/libjvm.dylib at 0x000000010de00000


---------------  P R O C E S S  ---------------

Threads class SMR info:
_java_thread_list=0x00007fb92d51b0d0, length=9, elements={
0x00007fb92f003800, 0x00007fb92e805000, 0x00007fb92f03c000, 0x00007fb92f03d000,
0x00007fb92f03d800, 0x00007fb92f099000, 0x00007fb92f09a000, 0x00007fb92e807800,
0x00007fb92e00c800
}

Java Threads: ( => current thread )
=>0x00007fb92f003800 JavaThread "main" [_thread_in_vm, id=8707, stack(0x0000700000ad3000,0x0000700000bd3000)]
  0x00007fb92e805000 JavaThread "Reference Handler" daemon [_thread_blocked, id=18179, stack(0x00007000011e8000,0x00007000012e8000)]
  0x00007fb92f03c000 JavaThread "Finalizer" daemon [_thread_blocked, id=17667, stack(0x00007000012eb000,0x00007000013eb000)]
  0x00007fb92f03d000 JavaThread "Signal Dispatcher" daemon [_thread_blocked, id=22019, stack(0x00007000013ee000,0x00007000014ee000)]
  0x00007fb92f03d800 JavaThread "C2 CompilerThread0" daemon [_thread_blocked, id=22531, stack(0x00007000014f1000,0x00007000015f1000)]
  0x00007fb92f099000 JavaThread "C1 CompilerThread0" daemon [_thread_blocked, id=23043, stack(0x00007000015f4000,0x00007000016f4000)]
  0x00007fb92f09a000 JavaThread "Sweeper thread" daemon [_thread_blocked, id=23555, stack(0x00007000016f7000,0x00007000017f7000)]
  0x00007fb92e807800 JavaThread "Service Thread" daemon [_thread_blocked, id=24067, stack(0x00007000017fa000,0x00007000018fa000)]
  0x00007fb92e00c800 JavaThread "Common-Cleaner" daemon [_thread_blocked, id=24835, stack(0x0000700001a00000,0x0000700001b00000)]

Other Threads:
  0x00007fb92d803800 VMThread "VM Thread" [stack: 0x00007000010e5000,0x00007000011e5000] [id=18435]
  0x00007fb92e803000 WatcherThread [stack: 0x00007000018fd000,0x00007000019fd000] [id=24323]
  0x00007fb92f02a800 GCTaskThread "GC Thread#0" [stack: 0x0000700000bd6000,0x0000700000cd6000] [id=12547]
  0x00007fb92d802800 ConcurrentGCThread "G1 Main Marker" [stack: 0x0000700000cd9000,0x0000700000dd9000] [id=20739]
  0x00007fb92e001800 ConcurrentGCThread "G1 Conc#0" [stack: 0x0000700000ddc000,0x0000700000edc000] [id=19715]
  0x00007fb92e05b800 ConcurrentGCThread "G1 Refine#0" [stack: 0x0000700000edf000,0x0000700000fdf000] [id=13059]
  0x00007fb92e05c000 ConcurrentGCThread "G1 Young RemSet Sampling" [stack: 0x0000700000fe2000,0x00007000010e2000] [id=13571]

Threads with active compile tasks:

VM state:not at safepoint (normal execution)

VM Mutex/Monitor currently owned by a thread: None

Heap address: 0x0000000780000000, size: 2048 MB, Compressed Oops mode: Zero based, Oop shift amount: 3
Narrow klass base: 0x0000000800000000, Narrow klass shift: 3
Compressed class space size: 1073741824 Address: 0x0000000800ae9000

Heap:
 garbage-first heap   total 133120K, used 760K [0x0000000780000000, 0x0000000800000000)
  region size 1024K, 1 young (1024K), 0 survivors (0K)
 Metaspace       used 806K, capacity 4584K, committed 4864K, reserved 1056768K
  class space    used 83K, capacity 420K, committed 512K, reserved 1048576K
Heap Regions: E=young(eden), S=young(survivor), O=old, HS=humongous(starts), HC=humongous(continues), CS=collection set, F=free, A=archive, TAMS=top-at-mark-start (previous, next)
|   0|0x0000000780000000, 0x0000000780000000, 0x0000000780100000|  0%| F|  |TAMS 0x0000000780000000, 0x0000000780000000| Untracked 
|   1|0x0000000780100000, 0x0000000780100000, 0x0000000780200000|  0%| F|  |TAMS 0x0000000780100000, 0x0000000780100000| Untracked 
|   2|0x0000000780200000, 0x0000000780200000, 0x0000000780300000|  0%| F|  |TAMS 0x0000000780200000, 0x0000000780200000| Untracked 
|   3|0x0000000780300000, 0x0000000780300000, 0x0000000780400000|  0%| F|  |TAMS 0x0000000780300000, 0x0000000780300000| Untracked 
|   4|0x0000000780400000, 0x0000000780400000, 0x0000000780500000|  0%| F|  |TAMS 0x0000000780400000, 0x0000000780400000| Untracked 
|   5|0x0000000780500000, 0x0000000780500000, 0x0000000780600000|  0%| F|  |TAMS 0x0000000780500000, 0x0000000780500000| Untracked 
|   6|0x0000000780600000, 0x0000000780600000, 0x0000000780700000|  0%| F|  |TAMS 0x0000000780600000, 0x0000000780600000| Untracked 
|   7|0x0000000780700000, 0x0000000780700000, 0x0000000780800000|  0%| F|  |TAMS 0x0000000780700000, 0x0000000780700000| Untracked 
|   8|0x0000000780800000, 0x0000000780800000, 0x0000000780900000|  0%| F|  |TAMS 0x0000000780800000, 0x0000000780800000| Untracked 
|   9|0x0000000780900000, 0x0000000780900000, 0x0000000780a00000|  0%| F|  |TAMS 0x0000000780900000, 0x0000000780900000| Untracked 
|  10|0x0000000780a00000, 0x0000000780a00000, 0x0000000780b00000|  0%| F|  |TAMS 0x0000000780a00000, 0x0000000780a00000| Untracked 
|  11|0x0000000780b00000, 0x0000000780b00000, 0x0000000780c00000|  0%| F|  |TAMS 0x0000000780b00000, 0x0000000780b00000| Untracked 
|  12|0x0000000780c00000, 0x0000000780c00000, 0x0000000780d00000|  0%| F|  |TAMS 0x0000000780c00000, 0x0000000780c00000| Untracked 
|  13|0x0000000780d00000, 0x0000000780d00000, 0x0000000780e00000|  0%| F|  |TAMS 0x0000000780d00000, 0x0000000780d00000| Untracked 
|  14|0x0000000780e00000, 0x0000000780e00000, 0x0000000780f00000|  0%| F|  |TAMS 0x0000000780e00000, 0x0000000780e00000| Untracked 
|  15|0x0000000780f00000, 0x0000000780f00000, 0x0000000781000000|  0%| F|  |TAMS 0x0000000780f00000, 0x0000000780f00000| Untracked 
|  16|0x0000000781000000, 0x0000000781000000, 0x0000000781100000|  0%| F|  |TAMS 0x0000000781000000, 0x0000000781000000| Untracked 
|  17|0x0000000781100000, 0x0000000781100000, 0x0000000781200000|  0%| F|  |TAMS 0x0000000781100000, 0x0000000781100000| Untracked 
|  18|0x0000000781200000, 0x0000000781200000, 0x0000000781300000|  0%| F|  |TAMS 0x0000000781200000, 0x0000000781200000| Untracked 
|  19|0x0000000781300000, 0x0000000781300000, 0x0000000781400000|  0%| F|  |TAMS 0x0000000781300000, 0x0000000781300000| Untracked 
|  20|0x0000000781400000, 0x0000000781400000, 0x0000000781500000|  0%| F|  |TAMS 0x0000000781400000, 0x0000000781400000| Untracked 
|  21|0x0000000781500000, 0x0000000781500000, 0x0000000781600000|  0%| F|  |TAMS 0x0000000781500000, 0x0000000781500000| Untracked 
|  22|0x0000000781600000, 0x0000000781600000, 0x0000000781700000|  0%| F|  |TAMS 0x0000000781600000, 0x0000000781600000| Untracked 
|  23|0x0000000781700000, 0x0000000781700000, 0x0000000781800000|  0%| F|  |TAMS 0x0000000781700000, 0x0000000781700000| Untracked 
|  24|0x0000000781800000, 0x0000000781800000, 0x0000000781900000|  0%| F|  |TAMS 0x0000000781800000, 0x0000000781800000| Untracked 
|  25|0x0000000781900000, 0x0000000781900000, 0x0000000781a00000|  0%| F|  |TAMS 0x0000000781900000, 0x0000000781900000| Untracked 
|  26|0x0000000781a00000, 0x0000000781a00000, 0x0000000781b00000|  0%| F|  |TAMS 0x0000000781a00000, 0x0000000781a00000| Untracked 
|  27|0x0000000781b00000, 0x0000000781b00000, 0x0000000781c00000|  0%| F|  |TAMS 0x0000000781b00000, 0x0000000781b00000| Untracked 
|  28|0x0000000781c00000, 0x0000000781c00000, 0x0000000781d00000|  0%| F|  |TAMS 0x0000000781c00000, 0x0000000781c00000| Untracked 
|  29|0x0000000781d00000, 0x0000000781d00000, 0x0000000781e00000|  0%| F|  |TAMS 0x0000000781d00000, 0x0000000781d00000| Untracked 
|  30|0x0000000781e00000, 0x0000000781e00000, 0x0000000781f00000|  0%| F|  |TAMS 0x0000000781e00000, 0x0000000781e00000| Untracked 
|  31|0x0000000781f00000, 0x0000000781f00000, 0x0000000782000000|  0%| F|  |TAMS 0x0000000781f00000, 0x0000000781f00000| Untracked 
|  32|0x0000000782000000, 0x0000000782000000, 0x0000000782100000|  0%| F|  |TAMS 0x0000000782000000, 0x0000000782000000| Untracked 
|  33|0x0000000782100000, 0x0000000782100000, 0x0000000782200000|  0%| F|  |TAMS 0x0000000782100000, 0x0000000782100000| Untracked 
|  34|0x0000000782200000, 0x0000000782200000, 0x0000000782300000|  0%| F|  |TAMS 0x0000000782200000, 0x0000000782200000| Untracked 
|  35|0x0000000782300000, 0x0000000782300000, 0x0000000782400000|  0%| F|  |TAMS 0x0000000782300000, 0x0000000782300000| Untracked 
|  36|0x0000000782400000, 0x0000000782400000, 0x0000000782500000|  0%| F|  |TAMS 0x0000000782400000, 0x0000000782400000| Untracked 
|  37|0x0000000782500000, 0x0000000782500000, 0x0000000782600000|  0%| F|  |TAMS 0x0000000782500000, 0x0000000782500000| Untracked 
|  38|0x0000000782600000, 0x0000000782600000, 0x0000000782700000|  0%| F|  |TAMS 0x0000000782600000, 0x0000000782600000| Untracked 
|  39|0x0000000782700000, 0x0000000782700000, 0x0000000782800000|  0%| F|  |TAMS 0x0000000782700000, 0x0000000782700000| Untracked 
|  40|0x0000000782800000, 0x0000000782800000, 0x0000000782900000|  0%| F|  |TAMS 0x0000000782800000, 0x0000000782800000| Untracked 
|  41|0x0000000782900000, 0x0000000782900000, 0x0000000782a00000|  0%| F|  |TAMS 0x0000000782900000, 0x0000000782900000| Untracked 
|  42|0x0000000782a00000, 0x0000000782a00000, 0x0000000782b00000|  0%| F|  |TAMS 0x0000000782a00000, 0x0000000782a00000| Untracked 
|  43|0x0000000782b00000, 0x0000000782b00000, 0x0000000782c00000|  0%| F|  |TAMS 0x0000000782b00000, 0x0000000782b00000| Untracked 
|  44|0x0000000782c00000, 0x0000000782c00000, 0x0000000782d00000|  0%| F|  |TAMS 0x0000000782c00000, 0x0000000782c00000| Untracked 
|  45|0x0000000782d00000, 0x0000000782d00000, 0x0000000782e00000|  0%| F|  |TAMS 0x0000000782d00000, 0x0000000782d00000| Untracked 
|  46|0x0000000782e00000, 0x0000000782e00000, 0x0000000782f00000|  0%| F|  |TAMS 0x0000000782e00000, 0x0000000782e00000| Untracked 
|  47|0x0000000782f00000, 0x0000000782f00000, 0x0000000783000000|  0%| F|  |TAMS 0x0000000782f00000, 0x0000000782f00000| Untracked 
|  48|0x0000000783000000, 0x0000000783000000, 0x0000000783100000|  0%| F|  |TAMS 0x0000000783000000, 0x0000000783000000| Untracked 
|  49|0x0000000783100000, 0x0000000783100000, 0x0000000783200000|  0%| F|  |TAMS 0x0000000783100000, 0x0000000783100000| Untracked 
|  50|0x0000000783200000, 0x0000000783200000, 0x0000000783300000|  0%| F|  |TAMS 0x0000000783200000, 0x0000000783200000| Untracked 
|  51|0x0000000783300000, 0x0000000783300000, 0x0000000783400000|  0%| F|  |TAMS 0x0000000783300000, 0x0000000783300000| Untracked 
|  52|0x0000000783400000, 0x0000000783400000, 0x0000000783500000|  0%| F|  |TAMS 0x0000000783400000, 0x0000000783400000| Untracked 
|  53|0x0000000783500000, 0x0000000783500000, 0x0000000783600000|  0%| F|  |TAMS 0x0000000783500000, 0x0000000783500000| Untracked 
|  54|0x0000000783600000, 0x0000000783600000, 0x0000000783700000|  0%| F|  |TAMS 0x0000000783600000, 0x0000000783600000| Untracked 
|  55|0x0000000783700000, 0x0000000783700000, 0x0000000783800000|  0%| F|  |TAMS 0x0000000783700000, 0x0000000783700000| Untracked 
|  56|0x0000000783800000, 0x0000000783800000, 0x0000000783900000|  0%| F|  |TAMS 0x0000000783800000, 0x0000000783800000| Untracked 
|  57|0x0000000783900000, 0x0000000783900000, 0x0000000783a00000|  0%| F|  |TAMS 0x0000000783900000, 0x0000000783900000| Untracked 
|  58|0x0000000783a00000, 0x0000000783a00000, 0x0000000783b00000|  0%| F|  |TAMS 0x0000000783a00000, 0x0000000783a00000| Untracked 
|  59|0x0000000783b00000, 0x0000000783b00000, 0x0000000783c00000|  0%| F|  |TAMS 0x0000000783b00000, 0x0000000783b00000| Untracked 
|  60|0x0000000783c00000, 0x0000000783c00000, 0x0000000783d00000|  0%| F|  |TAMS 0x0000000783c00000, 0x0000000783c00000| Untracked 
|  61|0x0000000783d00000, 0x0000000783d00000, 0x0000000783e00000|  0%| F|  |TAMS 0x0000000783d00000, 0x0000000783d00000| Untracked 
|  62|0x0000000783e00000, 0x0000000783e00000, 0x0000000783f00000|  0%| F|  |TAMS 0x0000000783e00000, 0x0000000783e00000| Untracked 
|  63|0x0000000783f00000, 0x0000000783f00000, 0x0000000784000000|  0%| F|  |TAMS 0x0000000783f00000, 0x0000000783f00000| Untracked 
|  64|0x0000000784000000, 0x0000000784000000, 0x0000000784100000|  0%| F|  |TAMS 0x0000000784000000, 0x0000000784000000| Untracked 
|  65|0x0000000784100000, 0x0000000784100000, 0x0000000784200000|  0%| F|  |TAMS 0x0000000784100000, 0x0000000784100000| Untracked 
|  66|0x0000000784200000, 0x0000000784200000, 0x0000000784300000|  0%| F|  |TAMS 0x0000000784200000, 0x0000000784200000| Untracked 
|  67|0x0000000784300000, 0x0000000784300000, 0x0000000784400000|  0%| F|  |TAMS 0x0000000784300000, 0x0000000784300000| Untracked 
|  68|0x0000000784400000, 0x0000000784400000, 0x0000000784500000|  0%| F|  |TAMS 0x0000000784400000, 0x0000000784400000| Untracked 
|  69|0x0000000784500000, 0x0000000784500000, 0x0000000784600000|  0%| F|  |TAMS 0x0000000784500000, 0x0000000784500000| Untracked 
|  70|0x0000000784600000, 0x0000000784600000, 0x0000000784700000|  0%| F|  |TAMS 0x0000000784600000, 0x0000000784600000| Untracked 
|  71|0x0000000784700000, 0x0000000784700000, 0x0000000784800000|  0%| F|  |TAMS 0x0000000784700000, 0x0000000784700000| Untracked 
|  72|0x0000000784800000, 0x0000000784800000, 0x0000000784900000|  0%| F|  |TAMS 0x0000000784800000, 0x0000000784800000| Untracked 
|  73|0x0000000784900000, 0x0000000784900000, 0x0000000784a00000|  0%| F|  |TAMS 0x0000000784900000, 0x0000000784900000| Untracked 
|  74|0x0000000784a00000, 0x0000000784a00000, 0x0000000784b00000|  0%| F|  |TAMS 0x0000000784a00000, 0x0000000784a00000| Untracked 
|  75|0x0000000784b00000, 0x0000000784b00000, 0x0000000784c00000|  0%| F|  |TAMS 0x0000000784b00000, 0x0000000784b00000| Untracked 
|  76|0x0000000784c00000, 0x0000000784c00000, 0x0000000784d00000|  0%| F|  |TAMS 0x0000000784c00000, 0x0000000784c00000| Untracked 
|  77|0x0000000784d00000, 0x0000000784d00000, 0x0000000784e00000|  0%| F|  |TAMS 0x0000000784d00000, 0x0000000784d00000| Untracked 
|  78|0x0000000784e00000, 0x0000000784e00000, 0x0000000784f00000|  0%| F|  |TAMS 0x0000000784e00000, 0x0000000784e00000| Untracked 
|  79|0x0000000784f00000, 0x0000000784f00000, 0x0000000785000000|  0%| F|  |TAMS 0x0000000784f00000, 0x0000000784f00000| Untracked 
|  80|0x0000000785000000, 0x0000000785000000, 0x0000000785100000|  0%| F|  |TAMS 0x0000000785000000, 0x0000000785000000| Untracked 
|  81|0x0000000785100000, 0x0000000785100000, 0x0000000785200000|  0%| F|  |TAMS 0x0000000785100000, 0x0000000785100000| Untracked 
|  82|0x0000000785200000, 0x0000000785200000, 0x0000000785300000|  0%| F|  |TAMS 0x0000000785200000, 0x0000000785200000| Untracked 
|  83|0x0000000785300000, 0x0000000785300000, 0x0000000785400000|  0%| F|  |TAMS 0x0000000785300000, 0x0000000785300000| Untracked 
|  84|0x0000000785400000, 0x0000000785400000, 0x0000000785500000|  0%| F|  |TAMS 0x0000000785400000, 0x0000000785400000| Untracked 
|  85|0x0000000785500000, 0x0000000785500000, 0x0000000785600000|  0%| F|  |TAMS 0x0000000785500000, 0x0000000785500000| Untracked 
|  86|0x0000000785600000, 0x0000000785600000, 0x0000000785700000|  0%| F|  |TAMS 0x0000000785600000, 0x0000000785600000| Untracked 
|  87|0x0000000785700000, 0x0000000785700000, 0x0000000785800000|  0%| F|  |TAMS 0x0000000785700000, 0x0000000785700000| Untracked 
|  88|0x0000000785800000, 0x0000000785800000, 0x0000000785900000|  0%| F|  |TAMS 0x0000000785800000, 0x0000000785800000| Untracked 
|  89|0x0000000785900000, 0x0000000785900000, 0x0000000785a00000|  0%| F|  |TAMS 0x0000000785900000, 0x0000000785900000| Untracked 
|  90|0x0000000785a00000, 0x0000000785a00000, 0x0000000785b00000|  0%| F|  |TAMS 0x0000000785a00000, 0x0000000785a00000| Untracked 
|  91|0x0000000785b00000, 0x0000000785b00000, 0x0000000785c00000|  0%| F|  |TAMS 0x0000000785b00000, 0x0000000785b00000| Untracked 
|  92|0x0000000785c00000, 0x0000000785c00000, 0x0000000785d00000|  0%| F|  |TAMS 0x0000000785c00000, 0x0000000785c00000| Untracked 
|  93|0x0000000785d00000, 0x0000000785d00000, 0x0000000785e00000|  0%| F|  |TAMS 0x0000000785d00000, 0x0000000785d00000| Untracked 
|  94|0x0000000785e00000, 0x0000000785e00000, 0x0000000785f00000|  0%| F|  |TAMS 0x0000000785e00000, 0x0000000785e00000| Untracked 
|  95|0x0000000785f00000, 0x0000000785f00000, 0x0000000786000000|  0%| F|  |TAMS 0x0000000785f00000, 0x0000000785f00000| Untracked 
|  96|0x0000000786000000, 0x0000000786000000, 0x0000000786100000|  0%| F|  |TAMS 0x0000000786000000, 0x0000000786000000| Untracked 
|  97|0x0000000786100000, 0x0000000786100000, 0x0000000786200000|  0%| F|  |TAMS 0x0000000786100000, 0x0000000786100000| Untracked 
|  98|0x0000000786200000, 0x0000000786200000, 0x0000000786300000|  0%| F|  |TAMS 0x0000000786200000, 0x0000000786200000| Untracked 
|  99|0x0000000786300000, 0x0000000786300000, 0x0000000786400000|  0%| F|  |TAMS 0x0000000786300000, 0x0000000786300000| Untracked 
| 100|0x0000000786400000, 0x0000000786400000, 0x0000000786500000|  0%| F|  |TAMS 0x0000000786400000, 0x0000000786400000| Untracked 
| 101|0x0000000786500000, 0x0000000786500000, 0x0000000786600000|  0%| F|  |TAMS 0x0000000786500000, 0x0000000786500000| Untracked 
| 102|0x0000000786600000, 0x0000000786600000, 0x0000000786700000|  0%| F|  |TAMS 0x0000000786600000, 0x0000000786600000| Untracked 
| 103|0x0000000786700000, 0x0000000786700000, 0x0000000786800000|  0%| F|  |TAMS 0x0000000786700000, 0x0000000786700000| Untracked 
| 104|0x0000000786800000, 0x0000000786800000, 0x0000000786900000|  0%| F|  |TAMS 0x0000000786800000, 0x0000000786800000| Untracked 
| 105|0x0000000786900000, 0x0000000786900000, 0x0000000786a00000|  0%| F|  |TAMS 0x0000000786900000, 0x0000000786900000| Untracked 
| 106|0x0000000786a00000, 0x0000000786a00000, 0x0000000786b00000|  0%| F|  |TAMS 0x0000000786a00000, 0x0000000786a00000| Untracked 
| 107|0x0000000786b00000, 0x0000000786b00000, 0x0000000786c00000|  0%| F|  |TAMS 0x0000000786b00000, 0x0000000786b00000| Untracked 
| 108|0x0000000786c00000, 0x0000000786c00000, 0x0000000786d00000|  0%| F|  |TAMS 0x0000000786c00000, 0x0000000786c00000| Untracked 
| 109|0x0000000786d00000, 0x0000000786d00000, 0x0000000786e00000|  0%| F|  |TAMS 0x0000000786d00000, 0x0000000786d00000| Untracked 
| 110|0x0000000786e00000, 0x0000000786e00000, 0x0000000786f00000|  0%| F|  |TAMS 0x0000000786e00000, 0x0000000786e00000| Untracked 
| 111|0x0000000786f00000, 0x0000000786f00000, 0x0000000787000000|  0%| F|  |TAMS 0x0000000786f00000, 0x0000000786f00000| Untracked 
| 112|0x0000000787000000, 0x0000000787000000, 0x0000000787100000|  0%| F|  |TAMS 0x0000000787000000, 0x0000000787000000| Untracked 
| 113|0x0000000787100000, 0x0000000787100000, 0x0000000787200000|  0%| F|  |TAMS 0x0000000787100000, 0x0000000787100000| Untracked 
| 114|0x0000000787200000, 0x0000000787200000, 0x0000000787300000|  0%| F|  |TAMS 0x0000000787200000, 0x0000000787200000| Untracked 
| 115|0x0000000787300000, 0x0000000787300000, 0x0000000787400000|  0%| F|  |TAMS 0x0000000787300000, 0x0000000787300000| Untracked 
| 116|0x0000000787400000, 0x0000000787400000, 0x0000000787500000|  0%| F|  |TAMS 0x0000000787400000, 0x0000000787400000| Untracked 
| 117|0x0000000787500000, 0x0000000787500000, 0x0000000787600000|  0%| F|  |TAMS 0x0000000787500000, 0x0000000787500000| Untracked 
| 118|0x0000000787600000, 0x0000000787600000, 0x0000000787700000|  0%| F|  |TAMS 0x0000000787600000, 0x0000000787600000| Untracked 
| 119|0x0000000787700000, 0x0000000787700000, 0x0000000787800000|  0%| F|  |TAMS 0x0000000787700000, 0x0000000787700000| Untracked 
| 120|0x0000000787800000, 0x0000000787800000, 0x0000000787900000|  0%| F|  |TAMS 0x0000000787800000, 0x0000000787800000| Untracked 
| 121|0x0000000787900000, 0x0000000787900000, 0x0000000787a00000|  0%| F|  |TAMS 0x0000000787900000, 0x0000000787900000| Untracked 
| 122|0x0000000787a00000, 0x0000000787a00000, 0x0000000787b00000|  0%| F|  |TAMS 0x0000000787a00000, 0x0000000787a00000| Untracked 
| 123|0x0000000787b00000, 0x0000000787b00000, 0x0000000787c00000|  0%| F|  |TAMS 0x0000000787b00000, 0x0000000787b00000| Untracked 
| 124|0x0000000787c00000, 0x0000000787c00000, 0x0000000787d00000|  0%| F|  |TAMS 0x0000000787c00000, 0x0000000787c00000| Untracked 
| 125|0x0000000787d00000, 0x0000000787d00000, 0x0000000787e00000|  0%| F|  |TAMS 0x0000000787d00000, 0x0000000787d00000| Untracked 
| 126|0x0000000787e00000, 0x0000000787e00000, 0x0000000787f00000|  0%| F|  |TAMS 0x0000000787e00000, 0x0000000787e00000| Untracked 
| 127|0x0000000787f00000, 0x0000000787fd71a8, 0x0000000788000000| 84%| E|  |TAMS 0x0000000787f00000, 0x0000000787f00000| Complete 
|1022|0x00000007bfe00000, 0x00000007bfe47000, 0x00000007bff00000| 27%|OA|  |TAMS 0x00000007bfe00000, 0x00000007bfe00000| Untracked 
|1023|0x00000007bff00000, 0x00000007bff77000, 0x00000007c0000000| 46%|CA|  |TAMS 0x00000007bff00000, 0x00000007bff00000| Untracked 

Card table byte_map: [0x000000010f658000,0x000000010fa58000] _byte_map_base: 0x000000010ba58000

Marking Bits (Prev, Next): (CMBitMap*) 0x00007fb92d802218, (CMBitMap*) 0x00007fb92d802258
 Prev Bits: [0x00000001283f9000, 0x000000012a3f9000)
 Next Bits: [0x000000012a3f9000, 0x000000012c3f9000)

Polling page: 0x000000010d5f8000

Metaspace:

Usage:
  Non-class:      4.07 MB capacity,   722.77 KB ( 17%) used,     3.36 MB ( 83%) free+waste,   192 bytes ( <1%) overhead. 
      Class:    420.00 KB capacity,    83.96 KB ( 20%) used,   335.79 KB ( 80%) free+waste,   256 bytes ( <1%) overhead. 
       Both:      4.48 MB capacity,   806.73 KB ( 18%) used,     3.69 MB ( 82%) free+waste,   448 bytes ( <1%) overhead. 

Virtual space:
  Non-class space:        8.00 MB reserved,       4.25 MB ( 53%) committed 
      Class space:        1.00 GB reserved,     512.00 KB ( <1%) committed 
             Both:        1.01 GB reserved,       4.75 MB ( <1%) committed 

Chunk freelists:
   Non-Class:  8.00 KB
       Class:  24.00 KB
        Both:  32.00 KB

MaxMetaspaceSize: unlimited
CompressedClassSpaceSize: 1.00 GB

CodeHeap 'non-profiled nmethods': size=120032Kb used=14Kb max_used=14Kb free=120017Kb
 bounds [0x0000000120ec1000, 0x0000000121131000, 0x00000001283f9000]
CodeHeap 'profiled nmethods': size=120032Kb used=69Kb max_used=69Kb free=119963Kb
 bounds [0x0000000119989000, 0x0000000119bf9000, 0x0000000120ec1000]
CodeHeap 'non-nmethods': size=5696Kb used=1050Kb max_used=1051Kb free=4645Kb
 bounds [0x00000001193f9000, 0x0000000119669000, 0x0000000119989000]
 total_blobs=366 nmethods=52 adapters=178
 compilation: enabled
              stopped_count=0, restarted_count=0
 full_count=0

Compilation events (20 events):
Event: 0.107 Thread 0x00007fb92f099000   30       1       java.lang.module.ModuleDescriptor$Exports::targets (5 bytes)
Event: 0.107 Thread 0x00007fb92f099000 nmethod 30 0x0000000120ec4410 code [0x0000000120ec45a0, 0x0000000120ec46d0]
Event: 0.107 Thread 0x00007fb92f099000   43       3       java.lang.String::isLatin1 (19 bytes)
Event: 0.107 Thread 0x00007fb92f099000 nmethod 43 0x0000000119997290 code [0x0000000119997420, 0x0000000119997610]
Event: 0.107 Thread 0x00007fb92f099000   44       3       java.lang.String::charAt (25 bytes)
Event: 0.108 Thread 0x00007fb92f099000 nmethod 44 0x0000000119997690 code [0x0000000119997880, 0x0000000119997e18]
Event: 0.108 Thread 0x00007fb92f099000   45       3       java.lang.StringLatin1::charAt (28 bytes)
Event: 0.108 Thread 0x00007fb92f099000 nmethod 45 0x0000000119998010 code [0x00000001199981c0, 0x0000000119998408]
Event: 0.112 Thread 0x00007fb92f099000   46       3       java.lang.String::coder (15 bytes)
Event: 0.112 Thread 0x00007fb92f099000 nmethod 46 0x0000000119998510 code [0x00000001199986a0, 0x0000000119998850]
Event: 0.120 Thread 0x00007fb92f099000   47       3       java.lang.String::length (11 bytes)
Event: 0.120 Thread 0x00007fb92f099000 nmethod 47 0x0000000119998910 code [0x0000000119998ac0, 0x0000000119998cd0]
Event: 0.122 Thread 0x00007fb92f099000   48       3       java.lang.StringLatin1::canEncode (13 bytes)
Event: 0.123 Thread 0x00007fb92f099000 nmethod 48 0x0000000119998d90 code [0x0000000119998f20, 0x00000001199990b0]
Event: 0.123 Thread 0x00007fb92f099000   50       3       java.lang.AbstractStringBuilder::ensureCapacityInternal (39 bytes)
Event: 0.124 Thread 0x00007fb92f099000 nmethod 50 0x0000000119999110 code [0x00000001199992e0, 0x00000001199997d8]
Event: 0.133 Thread 0x00007fb92f099000   51       3       java.lang.StringLatin1::indexOf (61 bytes)
Event: 0.134 Thread 0x00007fb92f099000 nmethod 51 0x0000000119999990 code [0x0000000119999b60, 0x0000000119999f70]
Event: 0.137 Thread 0x00007fb92f099000   52       3       java.lang.Math::min (11 bytes)
Event: 0.137 Thread 0x00007fb92f099000 nmethod 52 0x000000011999a090 code [0x000000011999a220, 0x000000011999a3b0]

GC Heap History (0 events):
No events

Deoptimization events (0 events):
No events

Classes unloaded (0 events):
No events

Classes redefined (0 events):
No events

Internal exceptions (0 events):
No events

Events (20 events):
Event: 0.134 loading class Pixel
Event: 0.134 loading class Pixel done
Event: 0.134 loading class java/lang/InterruptedException
Event: 0.134 loading class java/lang/InterruptedException done
Event: 0.135 loading class java/awt/Font
Event: 0.135 loading class java/awt/Font done
Event: 0.136 loading class java/awt/event/MouseEvent
Event: 0.136 loading class java/awt/event/InputEvent
Event: 0.136 loading class java/awt/event/ComponentEvent
Event: 0.136 loading class java/awt/AWTEvent
Event: 0.136 loading class java/util/EventObject
Event: 0.136 loading class java/util/EventObject done
Event: 0.136 loading class java/awt/AWTEvent done
Event: 0.136 loading class java/awt/event/ComponentEvent done
Event: 0.136 loading class java/awt/event/InputEvent done
Event: 0.136 loading class java/awt/event/MouseEvent done
Event: 0.137 loading class java/awt/event/ActionEvent
Event: 0.137 loading class java/awt/event/ActionEvent done
Event: 0.138 loading class java/lang/Class$EnclosingMethodInfo
Event: 0.138 loading class java/lang/Class$EnclosingMethodInfo done


Dynamic libraries:
0x00007fff785fd000 	/usr/lib/libz.1.dylib
0x000000010d5b9000 	/Library/Java/JavaVirtualMachines/jdk-13.jdk/Contents/Home/lib/libjli.dylib
0x00007fff4c75e000 	/System/Library/Frameworks/Cocoa.framework/Versions/A/Cocoa
0x00007fff5850c000 	/System/Library/Frameworks/Security.framework/Versions/A/Security
0x00007fff4b3f0000 	/System/Library/Frameworks/ApplicationServices.framework/Versions/A/ApplicationServices
0x00007fff75f54000 	/usr/lib/libSystem.B.dylib
0x00007fff78df3000 	/usr/lib/system/libcache.dylib
0x00007fff78df8000 	/usr/lib/system/libcommonCrypto.dylib
0x00007fff78e03000 	/usr/lib/system/libcompiler_rt.dylib
0x00007fff78e0b000 	/usr/lib/system/libcopyfile.dylib
0x00007fff78e15000 	/usr/lib/system/libcorecrypto.dylib
0x00007fff78f20000 	/usr/lib/system/libdispatch.dylib
0x00007fff78f5a000 	/usr/lib/system/libdyld.dylib
0x00007fff78f87000 	/usr/lib/system/libkeymgr.dylib
0x00007fff78f95000 	/usr/lib/system/liblaunch.dylib
0x00007fff78f96000 	/usr/lib/system/libmacho.dylib
0x00007fff78f9c000 	/usr/lib/system/libquarantine.dylib
0x00007fff78f9f000 	/usr/lib/system/libremovefile.dylib
0x00007fff78fa1000 	/usr/lib/system/libsystem_asl.dylib
0x00007fff78fb9000 	/usr/lib/system/libsystem_blocks.dylib
0x00007fff78fba000 	/usr/lib/system/libsystem_c.dylib
0x00007fff79042000 	/usr/lib/system/libsystem_configuration.dylib
0x00007fff79046000 	/usr/lib/system/libsystem_coreservices.dylib
0x00007fff7904a000 	/usr/lib/system/libsystem_darwin.dylib
0x00007fff79051000 	/usr/lib/system/libsystem_dnssd.dylib
0x00007fff79058000 	/usr/lib/system/libsystem_info.dylib
0x00007fff790cd000 	/usr/lib/system/libsystem_m.dylib
0x00007fff79119000 	/usr/lib/system/libsystem_malloc.dylib
0x00007fff79144000 	/usr/lib/system/libsystem_networkextension.dylib
0x00007fff7914f000 	/usr/lib/system/libsystem_notify.dylib
0x00007fff7916c000 	/usr/lib/system/libsystem_sandbox.dylib
0x00007fff79170000 	/usr/lib/system/libsystem_secinit.dylib
0x00007fff790a4000 	/usr/lib/system/libsystem_kernel.dylib
0x00007fff79157000 	/usr/lib/system/libsystem_platform.dylib
0x00007fff79161000 	/usr/lib/system/libsystem_pthread.dylib
0x00007fff79173000 	/usr/lib/system/libsystem_symptoms.dylib
0x00007fff7917b000 	/usr/lib/system/libsystem_trace.dylib
0x00007fff79192000 	/usr/lib/system/libunwind.dylib
0x00007fff79198000 	/usr/lib/system/libxpc.dylib
0x00007fff7778d000 	/usr/lib/libobjc.A.dylib
0x00007fff761ed000 	/usr/lib/libc++abi.dylib
0x00007fff76199000 	/usr/lib/libc++.1.dylib
0x00007fff4cfd3000 	/System/Library/Frameworks/CoreFoundation.framework/Versions/A/CoreFoundation
0x00007fff4f257000 	/System/Library/Frameworks/Foundation.framework/Versions/C/Foundation
0x00007fff4a5e9000 	/System/Library/Frameworks/AppKit.framework/Versions/C/AppKit
0x00007fff4cb5c000 	/System/Library/Frameworks/CoreData.framework/Versions/A/CoreData
0x00007fff6fa19000 	/System/Library/PrivateFrameworks/RemoteViewServices.framework/Versions/A/RemoteViewServices
0x00007fff73c90000 	/System/Library/PrivateFrameworks/UIFoundation.framework/Versions/A/UIFoundation
0x00007fff75375000 	/System/Library/PrivateFrameworks/XCTTargetBootstrap.framework/Versions/A/XCTTargetBootstrap
0x00007fff4cee2000 	/System/Library/Frameworks/CoreDisplay.framework/Versions/A/CoreDisplay
0x00007fff6a753000 	/System/Library/PrivateFrameworks/IconServices.framework/Versions/A/IconServices
0x00007fff51b79000 	/System/Library/Frameworks/Metal.framework/Versions/A/Metal
0x00007fff61c97000 	/System/Library/PrivateFrameworks/DesktopServicesPriv.framework/Versions/A/DesktopServicesPriv
0x00007fff76af0000 	/usr/lib/libenergytrace.dylib
0x00007fff72177000 	/System/Library/PrivateFrameworks/SkyLight.framework/Versions/A/SkyLight
0x00007fff4d41a000 	/System/Library/Frameworks/CoreGraphics.framework/Versions/A/CoreGraphics
0x00007fff493b5000 	/System/Library/Frameworks/Accelerate.framework/Versions/A/Accelerate
0x00007fff4f9a0000 	/System/Library/Frameworks/IOSurface.framework/Versions/A/IOSurface
0x00007fff61b03000 	/System/Library/PrivateFrameworks/DFRFoundation.framework/Versions/A/DFRFoundation
0x00007fff4b8d3000 	/System/Library/Frameworks/AudioToolbox.framework/Versions/A/AudioToolbox
0x00007fff4bb4c000 	/System/Library/Frameworks/AudioUnit.framework/Versions/A/AudioUnit
0x00007fff61b98000 	/System/Library/PrivateFrameworks/DataDetectorsCore.framework/Versions/A/DataDetectorsCore
0x00007fff4c261000 	/System/Library/Frameworks/Carbon.framework/Versions/A/Frameworks/HIToolbox.framework/Versions/A/HIToolbox
0x00007fff76c49000 	/usr/lib/libicucore.A.dylib
0x00007fff57a7f000 	/System/Library/Frameworks/QuartzCore.framework/Versions/A/QuartzCore
0x00007fff4c636000 	/System/Library/Frameworks/Carbon.framework/Versions/A/Frameworks/SpeechRecognition.framework/Versions/A/SpeechRecognition
0x00007fff760a8000 	/usr/lib/libauto.dylib
0x00007fff784f0000 	/usr/lib/libxml2.2.dylib
0x00007fff616de000 	/System/Library/PrivateFrameworks/CoreUI.framework/Versions/A/CoreUI
0x00007fff4ca47000 	/System/Library/Frameworks/CoreAudio.framework/Versions/A/CoreAudio
0x00007fff4f08c000 	/System/Library/Frameworks/DiskArbitration.framework/Versions/A/DiskArbitration
0x00007fff76ef7000 	/usr/lib/liblangid.dylib
0x00007fff6bb5e000 	/System/Library/PrivateFrameworks/MultitouchSupport.framework/Versions/A/MultitouchSupport
0x00007fff4f90f000 	/System/Library/Frameworks/IOKit.framework/Versions/A/IOKit
0x00007fff75b14000 	/usr/lib/libDiagnosticMessagesClient.dylib
0x00007fff4e22a000 	/System/Library/Frameworks/CoreServices.framework/Versions/A/CoreServices
0x00007fff6d818000 	/System/Library/PrivateFrameworks/PerformanceAnalysis.framework/Versions/A/PerformanceAnalysis
0x00007fff56c66000 	/System/Library/Frameworks/OpenGL.framework/Versions/A/OpenGL
0x00007fff4c76c000 	/System/Library/Frameworks/ColorSync.framework/Versions/A/ColorSync
0x00007fff4daac000 	/System/Library/Frameworks/CoreImage.framework/Versions/A/CoreImage
0x00007fff4ec02000 	/System/Library/Frameworks/CoreText.framework/Versions/A/CoreText
0x00007fff4fa03000 	/System/Library/Frameworks/ImageIO.framework/Versions/A/ImageIO
0x00007fff5dd30000 	/System/Library/PrivateFrameworks/Backup.framework/Versions/A/Backup
0x00007fff75ffb000 	/usr/lib/libarchive.2.dylib
0x00007fff4bea5000 	/System/Library/Frameworks/CFNetwork.framework/Versions/A/CFNetwork
0x00007fff58c68000 	/System/Library/Frameworks/SystemConfiguration.framework/Versions/A/SystemConfiguration
0x00007fff75a45000 	/usr/lib/libCRFSuite.dylib
0x00007fff7617a000 	/usr/lib/libbsm.0.dylib
0x00007fff78f88000 	/usr/lib/system/libkxld.dylib
0x00007fff5d121000 	/System/Library/PrivateFrameworks/AppleFSCompression.framework/Versions/A/AppleFSCompression
0x00007fff75e14000 	/usr/lib/libOpenScriptingUtil.dylib
0x00007fff764a2000 	/usr/lib/libcoretls.dylib
0x00007fff764b9000 	/usr/lib/libcoretls_cfhelpers.dylib
0x00007fff77f24000 	/usr/lib/libpam.2.dylib
0x00007fff780e4000 	/usr/lib/libsqlite3.dylib
0x00007fff784de000 	/usr/lib/libxar.1.dylib
0x00007fff7618b000 	/usr/lib/libbz2.1.0.dylib
0x00007fff76ef9000 	/usr/lib/liblzma.5.dylib
0x00007fff773aa000 	/usr/lib/libnetwork.dylib
0x00007fff75fe4000 	/usr/lib/libapple_nghttp2.dylib
0x00007fff77f2b000 	/usr/lib/libpcap.A.dylib
0x00007fff4e5c9000 	/System/Library/Frameworks/CoreServices.framework/Versions/A/Frameworks/FSEvents.framework/Versions/A/FSEvents
0x00007fff4e2a8000 	/System/Library/Frameworks/CoreServices.framework/Versions/A/Frameworks/CarbonCore.framework/Versions/A/CarbonCore
0x00007fff4e784000 	/System/Library/Frameworks/CoreServices.framework/Versions/A/Frameworks/Metadata.framework/Versions/A/Metadata
0x00007fff4e823000 	/System/Library/Frameworks/CoreServices.framework/Versions/A/Frameworks/OSServices.framework/Versions/A/OSServices
0x00007fff4e86e000 	/System/Library/Frameworks/CoreServices.framework/Versions/A/Frameworks/SearchKit.framework/Versions/A/SearchKit
0x00007fff4e22b000 	/System/Library/Frameworks/CoreServices.framework/Versions/A/Frameworks/AE.framework/Versions/A/AE
0x00007fff4e5d2000 	/System/Library/Frameworks/CoreServices.framework/Versions/A/Frameworks/LaunchServices.framework/Versions/A/LaunchServices
0x00007fff4e580000 	/System/Library/Frameworks/CoreServices.framework/Versions/A/Frameworks/DictionaryServices.framework/Versions/A/DictionaryServices
0x00007fff4e8d6000 	/System/Library/Frameworks/CoreServices.framework/Versions/A/Frameworks/SharedFileList.framework/Versions/A/SharedFileList
0x00007fff52c41000 	/System/Library/Frameworks/NetFS.framework/Versions/A/NetFS
0x00007fff6bdc4000 	/System/Library/PrivateFrameworks/NetAuth.framework/Versions/A/NetAuth
0x00007fff75779000 	/System/Library/PrivateFrameworks/login.framework/Versions/A/Frameworks/loginsupport.framework/Versions/A/loginsupport
0x00007fff73899000 	/System/Library/PrivateFrameworks/TCC.framework/Versions/A/TCC
0x00007fff60d3b000 	/System/Library/PrivateFrameworks/CoreNLP.framework/Versions/A/CoreNLP
0x00007fff6b859000 	/System/Library/PrivateFrameworks/MetadataUtilities.framework/Versions/A/MetadataUtilities
0x00007fff76fce000 	/usr/lib/libmecabra.dylib
0x00007fff4b3f1000 	/System/Library/Frameworks/ApplicationServices.framework/Versions/A/Frameworks/ATS.framework/Versions/A/ATS
0x00007fff4b740000 	/System/Library/Frameworks/ApplicationServices.framework/Versions/A/Frameworks/ColorSyncLegacy.framework/Versions/A/ColorSyncLegacy
0x00007fff4b7df000 	/System/Library/Frameworks/ApplicationServices.framework/Versions/A/Frameworks/HIServices.framework/Versions/A/HIServices
0x00007fff4b832000 	/System/Library/Frameworks/ApplicationServices.framework/Versions/A/Frameworks/LangAnalysis.framework/Versions/A/LangAnalysis
0x00007fff4b842000 	/System/Library/Frameworks/ApplicationServices.framework/Versions/A/Frameworks/PrintCore.framework/Versions/A/PrintCore
0x00007fff4b88c000 	/System/Library/Frameworks/ApplicationServices.framework/Versions/A/Frameworks/QD.framework/Versions/A/QD
0x00007fff4b8c6000 	/System/Library/Frameworks/ApplicationServices.framework/Versions/A/Frameworks/SpeechSynthesis.framework/Versions/A/SpeechSynthesis
0x00007fff76215000 	/usr/lib/libcompression.dylib
0x00007fff51e49000 	/System/Library/Frameworks/MetalPerformanceShaders.framework/Versions/A/MetalPerformanceShaders
0x00007fff493cd000 	/System/Library/Frameworks/Accelerate.framework/Versions/A/Frameworks/vImage.framework/Versions/A/vImage
0x00007fff4a447000 	/System/Library/Frameworks/Accelerate.framework/Versions/A/Frameworks/vecLib.framework/Versions/A/vecLib
0x00007fff4a393000 	/System/Library/Frameworks/Accelerate.framework/Versions/A/Frameworks/vecLib.framework/Versions/A/libvMisc.dylib
0x00007fff4a1ab000 	/System/Library/Frameworks/Accelerate.framework/Versions/A/Frameworks/vecLib.framework/Versions/A/libvDSP.dylib
0x00007fff49a67000 	/System/Library/Frameworks/Accelerate.framework/Versions/A/Frameworks/vecLib.framework/Versions/A/libBLAS.dylib
0x00007fff49d54000 	/System/Library/Frameworks/Accelerate.framework/Versions/A/Frameworks/vecLib.framework/Versions/A/libLAPACK.dylib
0x00007fff4a0fe000 	/System/Library/Frameworks/Accelerate.framework/Versions/A/Frameworks/vecLib.framework/Versions/A/libLinearAlgebra.dylib
0x00007fff4a197000 	/System/Library/Frameworks/Accelerate.framework/Versions/A/Frameworks/vecLib.framework/Versions/A/libSparseBLAS.dylib
0x00007fff4a114000 	/System/Library/Frameworks/Accelerate.framework/Versions/A/Frameworks/vecLib.framework/Versions/A/libQuadrature.dylib
0x00007fff49ce1000 	/System/Library/Frameworks/Accelerate.framework/Versions/A/Frameworks/vecLib.framework/Versions/A/libBNNS.dylib
0x00007fff4a11a000 	/System/Library/Frameworks/Accelerate.framework/Versions/A/Frameworks/vecLib.framework/Versions/A/libSparse.dylib
0x00007fff68089000 	/System/Library/PrivateFrameworks/GPUWrangler.framework/Versions/A/GPUWrangler
0x00007fff6a388000 	/System/Library/PrivateFrameworks/IOAccelerator.framework/Versions/A/IOAccelerator
0x00007fff6a393000 	/System/Library/PrivateFrameworks/IOPresentment.framework/Versions/A/IOPresentment
0x00007fff61b13000 	/System/Library/PrivateFrameworks/DSExternalDisplay.framework/Versions/A/DSExternalDisplay
0x00007fff560bd000 	/System/Library/Frameworks/OpenGL.framework/Versions/A/Libraries/libCoreFSCache.dylib
0x00007fff51c3d000 	/System/Library/Frameworks/MetalPerformanceShaders.framework/Frameworks/MPSCore.framework/Versions/A/MPSCore
0x00007fff51c5d000 	/System/Library/Frameworks/MetalPerformanceShaders.framework/Frameworks/MPSImage.framework/Versions/A/MPSImage
0x00007fff51d02000 	/System/Library/Frameworks/MetalPerformanceShaders.framework/Frameworks/MPSNeuralNetwork.framework/Versions/A/MPSNeuralNetwork
0x00007fff51cda000 	/System/Library/Frameworks/MetalPerformanceShaders.framework/Frameworks/MPSMatrix.framework/Versions/A/MPSMatrix
0x00007fff51e2e000 	/System/Library/Frameworks/MetalPerformanceShaders.framework/Frameworks/MPSRayIntersector.framework/Versions/A/MPSRayIntersector
0x00007fff6b882000 	/System/Library/PrivateFrameworks/MetalTools.framework/Versions/A/MetalTools
0x00007fff5c9cb000 	/System/Library/PrivateFrameworks/AggregateDictionary.framework/Versions/A/AggregateDictionary
0x00007fff75df4000 	/usr/lib/libMobileGestalt.dylib
0x00007fff4ed65000 	/System/Library/Frameworks/CoreVideo.framework/Versions/A/CoreVideo
0x00007fff68e9a000 	/System/Library/PrivateFrameworks/GraphVisualizer.framework/Versions/A/GraphVisualizer
0x00007fff62d19000 	/System/Library/PrivateFrameworks/FaceCore.framework/Versions/A/FaceCore
0x00007fff556eb000 	/System/Library/Frameworks/OpenCL.framework/Versions/A/OpenCL
0x00007fff75b4c000 	/usr/lib/libFosl_dynamic.dylib
0x00007fff6c62f000 	/System/Library/PrivateFrameworks/OTSVG.framework/Versions/A/OTSVG
0x00007fff4b4f5000 	/System/Library/Frameworks/ApplicationServices.framework/Versions/A/Frameworks/ATS.framework/Versions/A/Resources/libFontParser.dylib
0x00007fff4b60d000 	/System/Library/Frameworks/ApplicationServices.framework/Versions/A/Frameworks/ATS.framework/Versions/A/Resources/libFontRegistry.dylib
0x00007fff4fc72000 	/System/Library/Frameworks/ImageIO.framework/Versions/A/Resources/libJPEG.dylib
0x00007fff4ff84000 	/System/Library/Frameworks/ImageIO.framework/Versions/A/Resources/libTIFF.dylib
0x00007fff4ff5a000 	/System/Library/Frameworks/ImageIO.framework/Versions/A/Resources/libPng.dylib
0x00007fff4fb90000 	/System/Library/Frameworks/ImageIO.framework/Versions/A/Resources/libGIF.dylib
0x00007fff4fb95000 	/System/Library/Frameworks/ImageIO.framework/Versions/A/Resources/libJP2.dylib
0x00007fff4ff81000 	/System/Library/Frameworks/ImageIO.framework/Versions/A/Resources/libRadiance.dylib
0x00007fff5d278000 	/System/Library/PrivateFrameworks/AppleJPEG.framework/Versions/A/AppleJPEG
0x00007fff560c8000 	/System/Library/Frameworks/OpenGL.framework/Versions/A/Libraries/libGFXShared.dylib
0x00007fff5628b000 	/System/Library/Frameworks/OpenGL.framework/Versions/A/Libraries/libGLU.dylib
0x00007fff560d1000 	/System/Library/Frameworks/OpenGL.framework/Versions/A/Libraries/libGL.dylib
0x00007fff560dd000 	/System/Library/Frameworks/OpenGL.framework/Versions/A/Libraries/libGLImage.dylib
0x00007fff560ba000 	/System/Library/Frameworks/OpenGL.framework/Versions/A/Libraries/libCVMSPluginSupport.dylib
0x00007fff560c3000 	/System/Library/Frameworks/OpenGL.framework/Versions/A/Libraries/libCoreVMClient.dylib
0x00007fff76966000 	/usr/lib/libcups.2.dylib
0x00007fff51144000 	/System/Library/Frameworks/Kerberos.framework/Versions/A/Kerberos
0x00007fff4f673000 	/System/Library/Frameworks/GSS.framework/Versions/A/GSS
0x00007fff78079000 	/usr/lib/libresolv.9.dylib
0x00007fff76b58000 	/usr/lib/libiconv.2.dylib
0x00007fff6900f000 	/System/Library/PrivateFrameworks/Heimdal.framework/Versions/A/Heimdal
0x00007fff76b28000 	/usr/lib/libheimdal-asn1.dylib
0x00007fff5575f000 	/System/Library/Frameworks/OpenDirectory.framework/Versions/A/OpenDirectory
0x00007fff5fa9e000 	/System/Library/PrivateFrameworks/CommonAuth.framework/Versions/A/CommonAuth
0x00007fff55743000 	/System/Library/Frameworks/OpenDirectory.framework/Versions/A/Frameworks/CFOpenDirectory.framework/Versions/A/CFOpenDirectory
0x00007fff5880d000 	/System/Library/Frameworks/SecurityFoundation.framework/Versions/A/SecurityFoundation
0x00007fff5bf11000 	/System/Library/PrivateFrameworks/APFS.framework/Versions/A/APFS
0x00007fff784da000 	/usr/lib/libutil.dylib
0x00007fff76203000 	/usr/lib/libcharset.1.dylib
0x00007fff5d515000 	/System/Library/PrivateFrameworks/AppleSauce.framework/Versions/A/AppleSauce
0x00007fff5d696000 	/System/Library/PrivateFrameworks/AssertionServices.framework/Versions/A/AssertionServices
0x00007fff5ddc6000 	/System/Library/PrivateFrameworks/BaseBoard.framework/Versions/A/BaseBoard
0x00007fff76f29000 	/usr/lib/libmecab.1.0.0.dylib
0x00007fff76b22000 	/usr/lib/libgermantok.dylib
0x00007fff75fd1000 	/usr/lib/libThaiTokenizer.dylib
0x00007fff75a7c000 	/usr/lib/libChineseTokenizer.dylib
0x00007fff6aa40000 	/System/Library/PrivateFrameworks/LanguageModeling.framework/Versions/A/LanguageModeling
0x00007fff60780000 	/System/Library/PrivateFrameworks/CoreEmoji.framework/Versions/A/CoreEmoji
0x00007fff6ab1c000 	/System/Library/PrivateFrameworks/Lexicon.framework/Versions/A/Lexicon
0x00007fff6ab5f000 	/System/Library/PrivateFrameworks/LinguisticData.framework/Versions/A/LinguisticData
0x00007fff76204000 	/usr/lib/libcmph.dylib
0x00007fff588cb000 	/System/Library/Frameworks/ServiceManagement.framework/Versions/A/ServiceManagement
0x00007fff5dd27000 	/System/Library/PrivateFrameworks/BackgroundTaskManagement.framework/Versions/A/BackgroundTaskManagement
0x00007fff785d4000 	/usr/lib/libxslt.1.dylib
0x00007fff4c563000 	/System/Library/Frameworks/Carbon.framework/Versions/A/Frameworks/Ink.framework/Versions/A/Ink
0x00007fff73b0b000 	/System/Library/PrivateFrameworks/TextureIO.framework/Versions/A/TextureIO
0x00007fff76025000 	/usr/lib/libate.dylib
0x00007fff61a62000 	/System/Library/PrivateFrameworks/CrashReporterSupport.framework/Versions/A/CrashReporterSupport
0x00007fff71245000 	/System/Library/PrivateFrameworks/Sharing.framework/Versions/A/Sharing
0x00007fff5da79000 	/System/Library/PrivateFrameworks/AuthKit.framework/Versions/A/AuthKit
0x00007fff5cfcd000 	/System/Library/PrivateFrameworks/Apple80211.framework/Versions/A/Apple80211
0x00007fff6180a000 	/System/Library/PrivateFrameworks/CoreUtils.framework/Versions/A/CoreUtils
0x00007fff4eda6000 	/System/Library/Frameworks/CoreWLAN.framework/Versions/A/CoreWLAN
0x00007fff4f7a2000 	/System/Library/Frameworks/IOBluetooth.framework/Versions/A/IOBluetooth
0x00007fff6f6b9000 	/System/Library/PrivateFrameworks/ProtocolBuffer.framework/Versions/A/ProtocolBuffer
0x00007fff6baba000 	/System/Library/PrivateFrameworks/MobileKeyBag.framework/Versions/A/MobileKeyBag
0x00007fff6104e000 	/System/Library/PrivateFrameworks/CorePhoneNumbers.framework/Versions/A/CorePhoneNumbers
0x00007fff5d22c000 	/System/Library/PrivateFrameworks/AppleIDAuthSupport.framework/Versions/A/AppleIDAuthSupport
0x00007fff6aa13000 	/System/Library/PrivateFrameworks/KeychainCircle.framework/Versions/A/KeychainCircle
0x00007fff6f86f000 	/System/Library/PrivateFrameworks/ROCKit.framework/Versions/A/ROCKit
0x00007fff619fe000 	/System/Library/PrivateFrameworks/CoreWiFi.framework/Versions/A/CoreWiFi
0x00007fff4cb31000 	/System/Library/Frameworks/CoreBluetooth.framework/Versions/A/CoreBluetooth
0x00007fff61c59000 	/System/Library/PrivateFrameworks/DebugSymbols.framework/Versions/A/DebugSymbols
0x00007fff615ca000 	/System/Library/PrivateFrameworks/CoreSymbolication.framework/Versions/A/CoreSymbolication
0x00007fff73326000 	/System/Library/PrivateFrameworks/Symbolication.framework/Versions/A/Symbolication
0x00007fff72bc9000 	/System/Library/PrivateFrameworks/SpeechRecognitionCore.framework/Versions/A/SpeechRecognitionCore
0x000000010de00000 	/Library/Java/JavaVirtualMachines/jdk-13.jdk/Contents/Home/lib/server/libjvm.dylib
0x000000010d5e0000 	/Library/Java/JavaVirtualMachines/jdk-13.jdk/Contents/Home/lib/libverify.dylib
0x000000010ebe1000 	/Library/Java/JavaVirtualMachines/jdk-13.jdk/Contents/Home/lib/libjava.dylib
0x000000010ec58000 	/Library/Java/JavaVirtualMachines/jdk-13.jdk/Contents/Home/lib/libzip.dylib
0x000000010ec5f000 	/Library/Java/JavaVirtualMachines/jdk-13.jdk/Contents/Home/lib/libjimage.dylib
0x0000000110c02000 	/Library/Java/JavaVirtualMachines/jdk-13.jdk/Contents/Home/lib/libnio.dylib
0x0000000110c10000 	/Library/Java/JavaVirtualMachines/jdk-13.jdk/Contents/Home/lib/./libnet.dylib


VM Arguments:
jvm_args: -Dfile.encoding=UTF-8 
java_command: FlexiblePictureExplorer$8
java_class_path (initial): /Users/sarahpaz/Documents/AP CS A/Picture Project/bin
Launcher Type: SUN_STANDARD

[Global flags]
     intx CICompilerCount                          = 3                                         {product} {ergonomic}
     uint ConcGCThreads                            = 1                                         {product} {ergonomic}
     uint G1ConcRefinementThreads                  = 4                                         {product} {ergonomic}
   size_t G1HeapRegionSize                         = 1048576                                   {product} {ergonomic}
    uintx GCDrainStackTargetSize                   = 64                                        {product} {ergonomic}
   size_t InitialHeapSize                          = 134217728                                 {product} {ergonomic}
   size_t MarkStackSize                            = 4194304                                   {product} {ergonomic}
   size_t MaxHeapSize                              = 2147483648                                {product} {ergonomic}
   size_t MaxNewSize                               = 1287651328                                {product} {ergonomic}
   size_t MinHeapDeltaBytes                        = 1048576                                   {product} {ergonomic}
   size_t MinHeapSize                              = 8388608                                   {product} {ergonomic}
    uintx NonNMethodCodeHeapSize                   = 5830732                                {pd product} {ergonomic}
    uintx NonProfiledCodeHeapSize                  = 122913754                              {pd product} {ergonomic}
    uintx ProfiledCodeHeapSize                     = 122913754                              {pd product} {ergonomic}
    uintx ReservedCodeCacheSize                    = 251658240                              {pd product} {ergonomic}
     bool SegmentedCodeCache                       = true                                      {product} {ergonomic}
   size_t SoftMaxHeapSize                          = 2147483648                             {manageable} {ergonomic}
     bool UseCompressedClassPointers               = true                                 {lp64_product} {ergonomic}
     bool UseCompressedOops                        = true                                 {lp64_product} {ergonomic}
     bool UseG1GC                                  = true                                      {product} {ergonomic}

Logging:
Log output configuration:
 #0: stdout all=warning uptime,level,tags
 #1: stderr all=off uptime,level,tags

Environment Variables:
PATH=/usr/bin:/bin:/usr/sbin:/sbin
SHELL=/bin/bash

Signal Handlers:
SIGSEGV: [libjvm.dylib+0x781750], sa_mask[0]=11111111011111110111111111111111, sa_flags=SA_ONSTACK|SA_RESTART|SA_SIGINFO
SIGBUS: [libjvm.dylib+0x781750], sa_mask[0]=11111111011111110111111111111111, sa_flags=SA_RESTART|SA_SIGINFO
SIGFPE: [libjvm.dylib+0x781750], sa_mask[0]=11111111011111110111111111111111, sa_flags=SA_RESTART|SA_SIGINFO
SIGPIPE: [libjvm.dylib+0x62815d], sa_mask[0]=11111111011111110111111111111111, sa_flags=SA_RESTART|SA_SIGINFO
SIGXFSZ: [libjvm.dylib+0x62815d], sa_mask[0]=11111111011111110111111111111111, sa_flags=SA_RESTART|SA_SIGINFO
SIGILL: [libjvm.dylib+0x781750], sa_mask[0]=11111111011111110111111111111111, sa_flags=SA_RESTART|SA_SIGINFO
SIGUSR2: [libjvm.dylib+0x628747], sa_mask[0]=00100000000000000000000000000000, sa_flags=SA_RESTART|SA_SIGINFO
SIGHUP: [libjvm.dylib+0x627735], sa_mask[0]=11111111011111110111111111111111, sa_flags=SA_RESTART|SA_SIGINFO
SIGINT: [libjvm.dylib+0x627735], sa_mask[0]=11111111011111110111111111111111, sa_flags=SA_RESTART|SA_SIGINFO
SIGTERM: [libjvm.dylib+0x627735], sa_mask[0]=11111111011111110111111111111111, sa_flags=SA_RESTART|SA_SIGINFO
SIGQUIT: [libjvm.dylib+0x627735], sa_mask[0]=11111111011111110111111111111111, sa_flags=SA_RESTART|SA_SIGINFO


---------------  S Y S T E M  ---------------

OS:uname:Darwin 18.7.0 Darwin Kernel Version 18.7.0: Thu Jan 23 06:52:12 PST 2020; root:xnu-4903.278.25~1/RELEASE_X86_64 x86_64
rlimit: STACK 8192k, CORE 0k, NPROC 709, NOFILE 10240, AS infinity, DATA infinity, FSIZE infinity
load average:3.10 2.30 1.88

CPU:total 4 (initial active 4) (2 cores per cpu, 2 threads per core) family 6 model 61 stepping 4, cmov, cx8, fxsr, mmx, sse, sse2, sse3, ssse3, sse4.1, sse4.2, popcnt, avx, avx2, aes, clmul, erms, rtm, 3dnowpref, lzcnt, ht, tsc, tscinvbit, bmi1, bmi2, adx, fma

Memory: 4k page, physical 8388608k(732576k free), swap 0k(0k free)

vm_info: Java HotSpot(TM) 64-Bit Server VM (13+33) for bsd-amd64 JRE (13+33), built on Sep 18 2019 20:37:30 by "mach5one" with clang 4.2.1 Compatible Apple LLVM 10.0.0 (clang-1000.11.45.5)

END.
