#
# A fatal error has been detected by the Java Runtime Environment:
#
#  SIGSEGV (0xb) at pc=0x0000000101d8b354, pid=5211, tid=5635
#
# JRE version: Java(TM) SE Runtime Environment (13.0+33) (build 13+33)
# Java VM: Java HotSpot(TM) 64-Bit Server VM (13+33, mixed mode, sharing, tiered, compressed oops, g1 gc, bsd-amd64)
# Problematic frame:
# V  [libjvm.dylib+0x74f354]  EnableIf<HasDecorator<1097844ull, MO_UNORDERED>::value, oopDesc*>::type RawAccessBarrier<1097844ull>::load_internal<1097844ull, oopDesc*>(void*)+0x4
#
# No core dump will be written. Core dumps have been disabled. To enable core dumping, try "ulimit -c unlimited" before starting Java again
#
# If you would like to submit a bug report, please visit:
#   http://bugreport.java.com/bugreport/crash.jsp
#

---------------  S U M M A R Y ------------

Command Line: -Dfile.encoding=UTF-8 FlexiblePictureExplorer$8

Host: MacBookAir7,2 x86_64 1800 MHz, 4 cores, 8G, Darwin 18.7.0
Time: Mon Jun  8 17:51:56 2020 EDT elapsed time: 0 seconds (0d 0h 0m 0s)

---------------  T H R E A D  ---------------

Current thread (0x00007f8a6500b800):  JavaThread "main" [_thread_in_vm, id=5635, stack(0x000070000e95a000,0x000070000ea5a000)]

Stack: [0x000070000e95a000,0x000070000ea5a000],  sp=0x000070000ea59d10,  free space=1023k
Native frames: (J=compiled Java code, A=aot compiled Java code, j=interpreted, Vv=VM code, C=native code)
V  [libjvm.dylib+0x74f354]  EnableIf<HasDecorator<1097844ull, MO_UNORDERED>::value, oopDesc*>::type RawAccessBarrier<1097844ull>::load_internal<1097844ull, oopDesc*>(void*)+0x4
V  [libjvm.dylib+0x74f319]  oopDesc* RawAccessBarrier<1097844ull>::oop_load<oopDesc*>(void*)+0x9
V  [libjvm.dylib+0x74f38b]  oopDesc* G1BarrierSet::AccessBarrier<1097844ull, G1BarrierSet>::oop_load_not_in_heap<oopDesc*>(oopDesc**)+0xb
V  [libjvm.dylib+0x3e2d15]  jni_GetStringUTFChars+0xde
C  [libjli.dylib+0x70bc]  PostJVMInit+0xad
C  [libjli.dylib+0x4a01]  JavaMain+0xa4f
C  [libjli.dylib+0x6d64]  ThreadJavaMain+0x9
C  [libsystem_pthread.dylib+0x32eb]  _pthread_body+0x7e
C  [libsystem_pthread.dylib+0x6249]  _pthread_start+0x42
C  [libsystem_pthread.dylib+0x240d]  thread_start+0xd


siginfo: si_signo: 11 (SIGSEGV), si_code: 1 (SEGV_MAPERR), si_addr: 0x0000000000000000

Register to memory mapping:

RAX=0x0 is NULL
RBX=0x00007f8a6500bb10 points into unknown readable memory: e0 dd f8 01 01 00 00 00
RCX=0x0000000101f8dde0: jni_NativeInterface+0 in /Library/Java/JavaVirtualMachines/jdk-13.jdk/Contents/Home/lib/server/libjvm.dylib at 0x000000010163c000
RDX=0x0 is NULL
RSP=0x000070000ea59d10 is pointing into the stack for thread: 0x00007f8a6500b800
RBP=0x000070000ea59d10 is pointing into the stack for thread: 0x00007f8a6500b800
RSI=0x0 is NULL
RDI=0x0 is NULL
R8 ={method} {0x000000080032b840} 'getCanonicalName' '()Ljava/lang/String;' in 'java/lang/Class'
R9 =0x00007f8a6440f900 points into unknown readable memory: 40 b8 32 00 08 00 00 00
R10=0x000000010200a510: _ZN19TemplateInterpreter13_active_tableE+0x4800 in /Library/Java/JavaVirtualMachines/jdk-13.jdk/Contents/Home/lib/server/libjvm.dylib at 0x000000010163c000
R11=0x00000008009d4000 is pointing into metadata
R12=0x00007f8a6500b800 is a thread
R13=0x0 is NULL
R14=0x0 is NULL
R15=0x0 is NULL


Registers:
RAX=0x0000000000000000, RBX=0x00007f8a6500bb10, RCX=0x0000000101f8dde0, RDX=0x0000000000000000
RSP=0x000070000ea59d10, RBP=0x000070000ea59d10, RSI=0x0000000000000000, RDI=0x0000000000000000
R8 =0x000000080032b840, R9 =0x00007f8a6440f900, R10=0x000000010200a510, R11=0x00000008009d4000
R12=0x00007f8a6500b800, R13=0x0000000000000000, R14=0x0000000000000000, R15=0x0000000000000000
RIP=0x0000000101d8b354, EFLAGS=0x0000000000010246, ERR=0x0000000000000004
  TRAPNO=0x000000000000000e

Top of Stack: (sp=0x000070000ea59d10)
0x000070000ea59d10:   000070000ea59d20 0000000101d8b319
0x000070000ea59d20:   000070000ea59d40 0000000101d8b38b
0x000070000ea59d30:   0000000000000000 00007f8a6500bb10
0x000070000ea59d40:   000070000ea59de0 0000000101a1ed15
0x000070000ea59d50:   000070000ea59d70 0000000101d88233
0x000070000ea59d60:   0000000101fff901 00007f8a6500b800
0x000070000ea59d70:   000070000ea59d90 0000000101d884ca
0x000070000ea59d80:   00007f8a6500b800 0000000000000000
0x000070000ea59d90:   000070000ea59db0 0000000101d8849c
0x000070000ea59da0:   00007f8a6500b800 00007f8a6500bb10
0x000070000ea59db0:   000070000ea59de0 00007f8a6500bb10
0x000070000ea59dc0:   00007f8a64410660 0000000000000000
0x000070000ea59dd0:   0000000000000000 00007f8a64410668
0x000070000ea59de0:   000070000ea59e70 000000010161b0bc
0x000070000ea59df0:   0000000101fff901 00007f8a6500b800
0x000070000ea59e00:   000070000ea59e20 0000000101d884ca
0x000070000ea59e10:   00007f8a6440f7b0 00007f8a6500b800
0x000070000ea59e20:   000070000ea59e40 0000000101d8849c
0x000070000ea59e30:   00007f8a6440f9f0 0000000000000000
0x000070000ea59e40:   000070000ea59e70 2997a42e8a35008f
0x000070000ea59e50:   00007f8a6500bb10 00007f8a64410660
0x000070000ea59e60:   00007f8a64410678 00007f8a64410668
0x000070000ea59e70:   000070000ea59f00 0000000101618a01
0x000070000ea59e80:   0000000000000000 0000017295f51b40
0x000070000ea59e90:   0000000400010002 00007f8a644080b0
0x000070000ea59ea0:   0000000000000000 0000000000000000
0x000070000ea59eb0:   00007f8a64506708 0000000000000001
0x000070000ea59ec0:   00007f8a645066a0 00007f8a6500bb10
0x000070000ea59ed0:   0000000101f8ddd8 000070000ea5a000
0x000070000ea59ee0:   0000000000000000 0000000000000000
0x000070000ea59ef0:   0000000000000000 0000000000000000
0x000070000ea59f00:   000070000ea59f10 000000010161ad64 

Instructions: (pc=0x0000000101d8b354)
0x0000000101d8b254:   c1 5d c3 48 8d 3d 19 cd 05 00 48 8d 15 18 ce 05
0x0000000101d8b264:   00 be ef 00 00 00 31 c0 e8 1c f4 b0 ff e8 b8 6e
0x0000000101d8b274:   ed ff 31 c0 5d c3 66 0f 1f 44 00 00 55 48 89 e5
0x0000000101d8b284:   e8 67 fc ff ff 48 89 c7 e8 6f fc ff ff ff c8 83
0x0000000101d8b294:   f8 03 73 0f 48 98 48 8d 0d ef 5d 1f 00 48 8b 04
0x0000000101d8b2a4:   c1 5d c3 48 8d 3d c9 cc 05 00 48 8d 15 c8 cd 05
0x0000000101d8b2b4:   00 be ef 00 00 00 31 c0 e8 cc f3 b0 ff e8 68 6e
0x0000000101d8b2c4:   ed ff 31 c0 5d c3 66 0f 1f 44 00 00 55 48 89 e5
0x0000000101d8b2d4:   5d e9 26 00 00 00 66 0f 1f 44 00 00 55 48 89 e5
0x0000000101d8b2e4:   5d e9 86 00 00 00 66 0f 1f 44 00 00 55 48 89 e5
0x0000000101d8b2f4:   5d e9 86 00 00 00 66 0f 1f 44 00 00 55 48 89 e5
0x0000000101d8b304:   5d e9 06 00 00 00 66 0f 1f 44 00 00 55 48 89 e5
0x0000000101d8b314:   e8 17 00 00 00 48 89 c7 5d e9 1e 00 00 00 66 66
0x0000000101d8b324:   66 66 66 2e 0f 1f 84 00 00 00 00 00 55 48 89 e5
0x0000000101d8b334:   5d e9 16 00 00 00 66 0f 1f 44 00 00 55 48 89 e5
0x0000000101d8b344:   5d e9 16 00 00 00 66 0f 1f 44 00 00 55 48 89 e5
0x0000000101d8b354:   48 8b 07 5d c3 0f 1f 80 00 00 00 00 55 48 89 e5
0x0000000101d8b364:   48 89 f8 5d c3 0f 1f 80 00 00 00 00 55 48 89 e5
0x0000000101d8b374:   5d e9 96 ff ff ff 66 0f 1f 44 00 00 55 48 89 e5
0x0000000101d8b384:   53 50 e8 25 00 00 00 48 89 c3 bf 74 c0 10 00 48
0x0000000101d8b394:   89 de e8 75 fc ff ff 48 89 d8 48 83 c4 08 5b 5d
0x0000000101d8b3a4:   c3 66 66 2e 0f 1f 84 00 00 00 00 00 55 48 89 e5
0x0000000101d8b3b4:   5d e9 56 ff ff ff 66 0f 1f 44 00 00 55 48 89 e5
0x0000000101d8b3c4:   5d e9 26 00 00 00 66 0f 1f 44 00 00 55 48 89 e5
0x0000000101d8b3d4:   5d e9 86 00 00 00 66 0f 1f 44 00 00 55 48 89 e5
0x0000000101d8b3e4:   5d e9 86 00 00 00 66 0f 1f 44 00 00 55 48 89 e5
0x0000000101d8b3f4:   5d e9 06 00 00 00 66 0f 1f 44 00 00 55 48 89 e5
0x0000000101d8b404:   e8 17 00 00 00 48 89 c7 5d e9 1e 00 00 00 66 66
0x0000000101d8b414:   66 66 66 2e 0f 1f 84 00 00 00 00 00 55 48 89 e5
0x0000000101d8b424:   5d e9 16 00 00 00 66 0f 1f 44 00 00 55 48 89 e5
0x0000000101d8b434:   5d e9 16 00 00 00 66 0f 1f 44 00 00 55 48 89 e5
0x0000000101d8b444:   48 8b 07 5d c3 0f 1f 80 00 00 00 00 55 48 89 e5 


Stack slot to memory mapping:
stack at sp + 0 slots: 0x000070000ea59d20 is pointing into the stack for thread: 0x00007f8a6500b800
stack at sp + 1 slots: 0x0000000101d8b319: _ZN16RawAccessBarrierILy1097844EE8oop_loadIP7oopDescEET_Pv+0x9 in /Library/Java/JavaVirtualMachines/jdk-13.jdk/Contents/Home/lib/server/libjvm.dylib at 0x000000010163c000
stack at sp + 2 slots: 0x000070000ea59d40 is pointing into the stack for thread: 0x00007f8a6500b800
stack at sp + 3 slots: 0x0000000101d8b38b: _ZN12G1BarrierSet13AccessBarrierILy1097844ES_E20oop_load_not_in_heapIP7oopDescEES4_PT_+0xb in /Library/Java/JavaVirtualMachines/jdk-13.jdk/Contents/Home/lib/server/libjvm.dylib at 0x000000010163c000
stack at sp + 4 slots: 0x0 is NULL
stack at sp + 5 slots: 0x00007f8a6500bb10 points into unknown readable memory: e0 dd f8 01 01 00 00 00
stack at sp + 6 slots: 0x000070000ea59de0 is pointing into the stack for thread: 0x00007f8a6500b800
stack at sp + 7 slots: 0x0000000101a1ed15: jni_GetStringUTFChars+0xde in /Library/Java/JavaVirtualMachines/jdk-13.jdk/Contents/Home/lib/server/libjvm.dylib at 0x000000010163c000


---------------  P R O C E S S  ---------------

Threads class SMR info:
_java_thread_list=0x00007f8a6461caf0, length=9, elements={
0x00007f8a6500b800, 0x00007f8a64817800, 0x00007f8a6480d000, 0x00007f8a65807000,
0x00007f8a6580a000, 0x00007f8a6580b000, 0x00007f8a6609f800, 0x00007f8a6585e800,
0x00007f8a65860000
}

Java Threads: ( => current thread )
=>0x00007f8a6500b800 JavaThread "main" [_thread_in_vm, id=5635, stack(0x000070000e95a000,0x000070000ea5a000)]
  0x00007f8a64817800 JavaThread "Reference Handler" daemon [_thread_blocked, id=15363, stack(0x000070000f0f2000,0x000070000f1f2000)]
  0x00007f8a6480d000 JavaThread "Finalizer" daemon [_thread_blocked, id=18179, stack(0x000070000f1f5000,0x000070000f2f5000)]
  0x00007f8a65807000 JavaThread "Signal Dispatcher" daemon [_thread_blocked, id=22019, stack(0x000070000f2f8000,0x000070000f3f8000)]
  0x00007f8a6580a000 JavaThread "C2 CompilerThread0" daemon [_thread_blocked, id=43267, stack(0x000070000f3fb000,0x000070000f4fb000)]
  0x00007f8a6580b000 JavaThread "C1 CompilerThread0" daemon [_thread_blocked, id=42499, stack(0x000070000f4fe000,0x000070000f5fe000)]
  0x00007f8a6609f800 JavaThread "Sweeper thread" daemon [_thread_blocked, id=23043, stack(0x000070000f601000,0x000070000f701000)]
  0x00007f8a6585e800 JavaThread "Service Thread" daemon [_thread_blocked, id=23811, stack(0x000070000f704000,0x000070000f804000)]
  0x00007f8a65860000 JavaThread "Common-Cleaner" daemon [_thread_blocked, id=24579, stack(0x000070000f90a000,0x000070000fa0a000)]

Other Threads:
  0x00007f8a64817000 VMThread "VM Thread" [stack: 0x000070000efef000,0x000070000f0ef000] [id=19459]
  0x00007f8a6585f000 WatcherThread [stack: 0x000070000f807000,0x000070000f907000] [id=24067]
  0x00007f8a66019000 GCTaskThread "GC Thread#0" [stack: 0x000070000eae0000,0x000070000ebe0000] [id=20739]
  0x00007f8a6602a000 ConcurrentGCThread "G1 Main Marker" [stack: 0x000070000ebe3000,0x000070000ece3000] [id=12547]
  0x00007f8a6602b000 ConcurrentGCThread "G1 Conc#0" [stack: 0x000070000ece6000,0x000070000ede6000] [id=13571]
  0x00007f8a6607b800 ConcurrentGCThread "G1 Refine#0" [stack: 0x000070000ede9000,0x000070000eee9000] [id=20227]
  0x00007f8a6607c800 ConcurrentGCThread "G1 Young RemSet Sampling" [stack: 0x000070000eeec000,0x000070000efec000] [id=14083]

Threads with active compile tasks:

VM state:not at safepoint (normal execution)

VM Mutex/Monitor currently owned by a thread: None

Heap address: 0x0000000780000000, size: 2048 MB, Compressed Oops mode: Zero based, Oop shift amount: 3
Narrow klass base: 0x0000000800000000, Narrow klass shift: 3
Compressed class space size: 1073741824 Address: 0x0000000800ae9000

Heap:
 garbage-first heap   total 133120K, used 760K [0x0000000780000000, 0x0000000800000000)
  region size 1024K, 1 young (1024K), 0 survivors (0K)
 Metaspace       used 807K, capacity 4584K, committed 4864K, reserved 1056768K
  class space    used 83K, capacity 420K, committed 512K, reserved 1048576K
Heap Regions: E=young(eden), S=young(survivor), O=old, HS=humongous(starts), HC=humongous(continues), CS=collection set, F=free, A=archive, TAMS=top-at-mark-start (previous, next)
|   0|0x0000000780000000, 0x0000000780000000, 0x0000000780100000|  0%| F|  |TAMS 0x0000000780000000, 0x0000000780000000| Untracked 
|   1|0x0000000780100000, 0x0000000780100000, 0x0000000780200000|  0%| F|  |TAMS 0x0000000780100000, 0x0000000780100000| Untracked 
|   2|0x0000000780200000, 0x0000000780200000, 0x0000000780300000|  0%| F|  |TAMS 0x0000000780200000, 0x0000000780200000| Untracked 
|   3|0x0000000780300000, 0x0000000780300000, 0x0000000780400000|  0%| F|  |TAMS 0x0000000780300000, 0x0000000780300000| Untracked 
|   4|0x0000000780400000, 0x0000000780400000, 0x0000000780500000|  0%| F|  |TAMS 0x0000000780400000, 0x0000000780400000| Untracked 
|   5|0x0000000780500000, 0x0000000780500000, 0x0000000780600000|  0%| F|  |TAMS 0x0000000780500000, 0x0000000780500000| Untracked 
|   6|0x0000000780600000, 0x0000000780600000, 0x0000000780700000|  0%| F|  |TAMS 0x0000000780600000, 0x0000000780600000| Untracked 
|   7|0x0000000780700000, 0x0000000780700000, 0x0000000780800000|  0%| F|  |TAMS 0x0000000780700000, 0x0000000780700000| Untracked 
|   8|0x0000000780800000, 0x0000000780800000, 0x0000000780900000|  0%| F|  |TAMS 0x0000000780800000, 0x0000000780800000| Untracked 
|   9|0x0000000780900000, 0x0000000780900000, 0x0000000780a00000|  0%| F|  |TAMS 0x0000000780900000, 0x0000000780900000| Untracked 
|  10|0x0000000780a00000, 0x0000000780a00000, 0x0000000780b00000|  0%| F|  |TAMS 0x0000000780a00000, 0x0000000780a00000| Untracked 
|  11|0x0000000780b00000, 0x0000000780b00000, 0x0000000780c00000|  0%| F|  |TAMS 0x0000000780b00000, 0x0000000780b00000| Untracked 
|  12|0x0000000780c00000, 0x0000000780c00000, 0x0000000780d00000|  0%| F|  |TAMS 0x0000000780c00000, 0x0000000780c00000| Untracked 
|  13|0x0000000780d00000, 0x0000000780d00000, 0x0000000780e00000|  0%| F|  |TAMS 0x0000000780d00000, 0x0000000780d00000| Untracked 
|  14|0x0000000780e00000, 0x0000000780e00000, 0x0000000780f00000|  0%| F|  |TAMS 0x0000000780e00000, 0x0000000780e00000| Untracked 
|  15|0x0000000780f00000, 0x0000000780f00000, 0x0000000781000000|  0%| F|  |TAMS 0x0000000780f00000, 0x0000000780f00000| Untracked 
|  16|0x0000000781000000, 0x0000000781000000, 0x0000000781100000|  0%| F|  |TAMS 0x0000000781000000, 0x0000000781000000| Untracked 
|  17|0x0000000781100000, 0x0000000781100000, 0x0000000781200000|  0%| F|  |TAMS 0x0000000781100000, 0x0000000781100000| Untracked 
|  18|0x0000000781200000, 0x0000000781200000, 0x0000000781300000|  0%| F|  |TAMS 0x0000000781200000, 0x0000000781200000| Untracked 
|  19|0x0000000781300000, 0x0000000781300000, 0x0000000781400000|  0%| F|  |TAMS 0x0000000781300000, 0x0000000781300000| Untracked 
|  20|0x0000000781400000, 0x0000000781400000, 0x0000000781500000|  0%| F|  |TAMS 0x0000000781400000, 0x0000000781400000| Untracked 
|  21|0x0000000781500000, 0x0000000781500000, 0x0000000781600000|  0%| F|  |TAMS 0x0000000781500000, 0x0000000781500000| Untracked 
|  22|0x0000000781600000, 0x0000000781600000, 0x0000000781700000|  0%| F|  |TAMS 0x0000000781600000, 0x0000000781600000| Untracked 
|  23|0x0000000781700000, 0x0000000781700000, 0x0000000781800000|  0%| F|  |TAMS 0x0000000781700000, 0x0000000781700000| Untracked 
|  24|0x0000000781800000, 0x0000000781800000, 0x0000000781900000|  0%| F|  |TAMS 0x0000000781800000, 0x0000000781800000| Untracked 
|  25|0x0000000781900000, 0x0000000781900000, 0x0000000781a00000|  0%| F|  |TAMS 0x0000000781900000, 0x0000000781900000| Untracked 
|  26|0x0000000781a00000, 0x0000000781a00000, 0x0000000781b00000|  0%| F|  |TAMS 0x0000000781a00000, 0x0000000781a00000| Untracked 
|  27|0x0000000781b00000, 0x0000000781b00000, 0x0000000781c00000|  0%| F|  |TAMS 0x0000000781b00000, 0x0000000781b00000| Untracked 
|  28|0x0000000781c00000, 0x0000000781c00000, 0x0000000781d00000|  0%| F|  |TAMS 0x0000000781c00000, 0x0000000781c00000| Untracked 
|  29|0x0000000781d00000, 0x0000000781d00000, 0x0000000781e00000|  0%| F|  |TAMS 0x0000000781d00000, 0x0000000781d00000| Untracked 
|  30|0x0000000781e00000, 0x0000000781e00000, 0x0000000781f00000|  0%| F|  |TAMS 0x0000000781e00000, 0x0000000781e00000| Untracked 
|  31|0x0000000781f00000, 0x0000000781f00000, 0x0000000782000000|  0%| F|  |TAMS 0x0000000781f00000, 0x0000000781f00000| Untracked 
|  32|0x0000000782000000, 0x0000000782000000, 0x0000000782100000|  0%| F|  |TAMS 0x0000000782000000, 0x0000000782000000| Untracked 
|  33|0x0000000782100000, 0x0000000782100000, 0x0000000782200000|  0%| F|  |TAMS 0x0000000782100000, 0x0000000782100000| Untracked 
|  34|0x0000000782200000, 0x0000000782200000, 0x0000000782300000|  0%| F|  |TAMS 0x0000000782200000, 0x0000000782200000| Untracked 
|  35|0x0000000782300000, 0x0000000782300000, 0x0000000782400000|  0%| F|  |TAMS 0x0000000782300000, 0x0000000782300000| Untracked 
|  36|0x0000000782400000, 0x0000000782400000, 0x0000000782500000|  0%| F|  |TAMS 0x0000000782400000, 0x0000000782400000| Untracked 
|  37|0x0000000782500000, 0x0000000782500000, 0x0000000782600000|  0%| F|  |TAMS 0x0000000782500000, 0x0000000782500000| Untracked 
|  38|0x0000000782600000, 0x0000000782600000, 0x0000000782700000|  0%| F|  |TAMS 0x0000000782600000, 0x0000000782600000| Untracked 
|  39|0x0000000782700000, 0x0000000782700000, 0x0000000782800000|  0%| F|  |TAMS 0x0000000782700000, 0x0000000782700000| Untracked 
|  40|0x0000000782800000, 0x0000000782800000, 0x0000000782900000|  0%| F|  |TAMS 0x0000000782800000, 0x0000000782800000| Untracked 
|  41|0x0000000782900000, 0x0000000782900000, 0x0000000782a00000|  0%| F|  |TAMS 0x0000000782900000, 0x0000000782900000| Untracked 
|  42|0x0000000782a00000, 0x0000000782a00000, 0x0000000782b00000|  0%| F|  |TAMS 0x0000000782a00000, 0x0000000782a00000| Untracked 
|  43|0x0000000782b00000, 0x0000000782b00000, 0x0000000782c00000|  0%| F|  |TAMS 0x0000000782b00000, 0x0000000782b00000| Untracked 
|  44|0x0000000782c00000, 0x0000000782c00000, 0x0000000782d00000|  0%| F|  |TAMS 0x0000000782c00000, 0x0000000782c00000| Untracked 
|  45|0x0000000782d00000, 0x0000000782d00000, 0x0000000782e00000|  0%| F|  |TAMS 0x0000000782d00000, 0x0000000782d00000| Untracked 
|  46|0x0000000782e00000, 0x0000000782e00000, 0x0000000782f00000|  0%| F|  |TAMS 0x0000000782e00000, 0x0000000782e00000| Untracked 
|  47|0x0000000782f00000, 0x0000000782f00000, 0x0000000783000000|  0%| F|  |TAMS 0x0000000782f00000, 0x0000000782f00000| Untracked 
|  48|0x0000000783000000, 0x0000000783000000, 0x0000000783100000|  0%| F|  |TAMS 0x0000000783000000, 0x0000000783000000| Untracked 
|  49|0x0000000783100000, 0x0000000783100000, 0x0000000783200000|  0%| F|  |TAMS 0x0000000783100000, 0x0000000783100000| Untracked 
|  50|0x0000000783200000, 0x0000000783200000, 0x0000000783300000|  0%| F|  |TAMS 0x0000000783200000, 0x0000000783200000| Untracked 
|  51|0x0000000783300000, 0x0000000783300000, 0x0000000783400000|  0%| F|  |TAMS 0x0000000783300000, 0x0000000783300000| Untracked 
|  52|0x0000000783400000, 0x0000000783400000, 0x0000000783500000|  0%| F|  |TAMS 0x0000000783400000, 0x0000000783400000| Untracked 
|  53|0x0000000783500000, 0x0000000783500000, 0x0000000783600000|  0%| F|  |TAMS 0x0000000783500000, 0x0000000783500000| Untracked 
|  54|0x0000000783600000, 0x0000000783600000, 0x0000000783700000|  0%| F|  |TAMS 0x0000000783600000, 0x0000000783600000| Untracked 
|  55|0x0000000783700000, 0x0000000783700000, 0x0000000783800000|  0%| F|  |TAMS 0x0000000783700000, 0x0000000783700000| Untracked 
|  56|0x0000000783800000, 0x0000000783800000, 0x0000000783900000|  0%| F|  |TAMS 0x0000000783800000, 0x0000000783800000| Untracked 
|  57|0x0000000783900000, 0x0000000783900000, 0x0000000783a00000|  0%| F|  |TAMS 0x0000000783900000, 0x0000000783900000| Untracked 
|  58|0x0000000783a00000, 0x0000000783a00000, 0x0000000783b00000|  0%| F|  |TAMS 0x0000000783a00000, 0x0000000783a00000| Untracked 
|  59|0x0000000783b00000, 0x0000000783b00000, 0x0000000783c00000|  0%| F|  |TAMS 0x0000000783b00000, 0x0000000783b00000| Untracked 
|  60|0x0000000783c00000, 0x0000000783c00000, 0x0000000783d00000|  0%| F|  |TAMS 0x0000000783c00000, 0x0000000783c00000| Untracked 
|  61|0x0000000783d00000, 0x0000000783d00000, 0x0000000783e00000|  0%| F|  |TAMS 0x0000000783d00000, 0x0000000783d00000| Untracked 
|  62|0x0000000783e00000, 0x0000000783e00000, 0x0000000783f00000|  0%| F|  |TAMS 0x0000000783e00000, 0x0000000783e00000| Untracked 
|  63|0x0000000783f00000, 0x0000000783f00000, 0x0000000784000000|  0%| F|  |TAMS 0x0000000783f00000, 0x0000000783f00000| Untracked 
|  64|0x0000000784000000, 0x0000000784000000, 0x0000000784100000|  0%| F|  |TAMS 0x0000000784000000, 0x0000000784000000| Untracked 
|  65|0x0000000784100000, 0x0000000784100000, 0x0000000784200000|  0%| F|  |TAMS 0x0000000784100000, 0x0000000784100000| Untracked 
|  66|0x0000000784200000, 0x0000000784200000, 0x0000000784300000|  0%| F|  |TAMS 0x0000000784200000, 0x0000000784200000| Untracked 
|  67|0x0000000784300000, 0x0000000784300000, 0x0000000784400000|  0%| F|  |TAMS 0x0000000784300000, 0x0000000784300000| Untracked 
|  68|0x0000000784400000, 0x0000000784400000, 0x0000000784500000|  0%| F|  |TAMS 0x0000000784400000, 0x0000000784400000| Untracked 
|  69|0x0000000784500000, 0x0000000784500000, 0x0000000784600000|  0%| F|  |TAMS 0x0000000784500000, 0x0000000784500000| Untracked 
|  70|0x0000000784600000, 0x0000000784600000, 0x0000000784700000|  0%| F|  |TAMS 0x0000000784600000, 0x0000000784600000| Untracked 
|  71|0x0000000784700000, 0x0000000784700000, 0x0000000784800000|  0%| F|  |TAMS 0x0000000784700000, 0x0000000784700000| Untracked 
|  72|0x0000000784800000, 0x0000000784800000, 0x0000000784900000|  0%| F|  |TAMS 0x0000000784800000, 0x0000000784800000| Untracked 
|  73|0x0000000784900000, 0x0000000784900000, 0x0000000784a00000|  0%| F|  |TAMS 0x0000000784900000, 0x0000000784900000| Untracked 
|  74|0x0000000784a00000, 0x0000000784a00000, 0x0000000784b00000|  0%| F|  |TAMS 0x0000000784a00000, 0x0000000784a00000| Untracked 
|  75|0x0000000784b00000, 0x0000000784b00000, 0x0000000784c00000|  0%| F|  |TAMS 0x0000000784b00000, 0x0000000784b00000| Untracked 
|  76|0x0000000784c00000, 0x0000000784c00000, 0x0000000784d00000|  0%| F|  |TAMS 0x0000000784c00000, 0x0000000784c00000| Untracked 
|  77|0x0000000784d00000, 0x0000000784d00000, 0x0000000784e00000|  0%| F|  |TAMS 0x0000000784d00000, 0x0000000784d00000| Untracked 
|  78|0x0000000784e00000, 0x0000000784e00000, 0x0000000784f00000|  0%| F|  |TAMS 0x0000000784e00000, 0x0000000784e00000| Untracked 
|  79|0x0000000784f00000, 0x0000000784f00000, 0x0000000785000000|  0%| F|  |TAMS 0x0000000784f00000, 0x0000000784f00000| Untracked 
|  80|0x0000000785000000, 0x0000000785000000, 0x0000000785100000|  0%| F|  |TAMS 0x0000000785000000, 0x0000000785000000| Untracked 
|  81|0x0000000785100000, 0x0000000785100000, 0x0000000785200000|  0%| F|  |TAMS 0x0000000785100000, 0x0000000785100000| Untracked 
|  82|0x0000000785200000, 0x0000000785200000, 0x0000000785300000|  0%| F|  |TAMS 0x0000000785200000, 0x0000000785200000| Untracked 
|  83|0x0000000785300000, 0x0000000785300000, 0x0000000785400000|  0%| F|  |TAMS 0x0000000785300000, 0x0000000785300000| Untracked 
|  84|0x0000000785400000, 0x0000000785400000, 0x0000000785500000|  0%| F|  |TAMS 0x0000000785400000, 0x0000000785400000| Untracked 
|  85|0x0000000785500000, 0x0000000785500000, 0x0000000785600000|  0%| F|  |TAMS 0x0000000785500000, 0x0000000785500000| Untracked 
|  86|0x0000000785600000, 0x0000000785600000, 0x0000000785700000|  0%| F|  |TAMS 0x0000000785600000, 0x0000000785600000| Untracked 
|  87|0x0000000785700000, 0x0000000785700000, 0x0000000785800000|  0%| F|  |TAMS 0x0000000785700000, 0x0000000785700000| Untracked 
|  88|0x0000000785800000, 0x0000000785800000, 0x0000000785900000|  0%| F|  |TAMS 0x0000000785800000, 0x0000000785800000| Untracked 
|  89|0x0000000785900000, 0x0000000785900000, 0x0000000785a00000|  0%| F|  |TAMS 0x0000000785900000, 0x0000000785900000| Untracked 
|  90|0x0000000785a00000, 0x0000000785a00000, 0x0000000785b00000|  0%| F|  |TAMS 0x0000000785a00000, 0x0000000785a00000| Untracked 
|  91|0x0000000785b00000, 0x0000000785b00000, 0x0000000785c00000|  0%| F|  |TAMS 0x0000000785b00000, 0x0000000785b00000| Untracked 
|  92|0x0000000785c00000, 0x0000000785c00000, 0x0000000785d00000|  0%| F|  |TAMS 0x0000000785c00000, 0x0000000785c00000| Untracked 
|  93|0x0000000785d00000, 0x0000000785d00000, 0x0000000785e00000|  0%| F|  |TAMS 0x0000000785d00000, 0x0000000785d00000| Untracked 
|  94|0x0000000785e00000, 0x0000000785e00000, 0x0000000785f00000|  0%| F|  |TAMS 0x0000000785e00000, 0x0000000785e00000| Untracked 
|  95|0x0000000785f00000, 0x0000000785f00000, 0x0000000786000000|  0%| F|  |TAMS 0x0000000785f00000, 0x0000000785f00000| Untracked 
|  96|0x0000000786000000, 0x0000000786000000, 0x0000000786100000|  0%| F|  |TAMS 0x0000000786000000, 0x0000000786000000| Untracked 
|  97|0x0000000786100000, 0x0000000786100000, 0x0000000786200000|  0%| F|  |TAMS 0x0000000786100000, 0x0000000786100000| Untracked 
|  98|0x0000000786200000, 0x0000000786200000, 0x0000000786300000|  0%| F|  |TAMS 0x0000000786200000, 0x0000000786200000| Untracked 
|  99|0x0000000786300000, 0x0000000786300000, 0x0000000786400000|  0%| F|  |TAMS 0x0000000786300000, 0x0000000786300000| Untracked 
| 100|0x0000000786400000, 0x0000000786400000, 0x0000000786500000|  0%| F|  |TAMS 0x0000000786400000, 0x0000000786400000| Untracked 
| 101|0x0000000786500000, 0x0000000786500000, 0x0000000786600000|  0%| F|  |TAMS 0x0000000786500000, 0x0000000786500000| Untracked 
| 102|0x0000000786600000, 0x0000000786600000, 0x0000000786700000|  0%| F|  |TAMS 0x0000000786600000, 0x0000000786600000| Untracked 
| 103|0x0000000786700000, 0x0000000786700000, 0x0000000786800000|  0%| F|  |TAMS 0x0000000786700000, 0x0000000786700000| Untracked 
| 104|0x0000000786800000, 0x0000000786800000, 0x0000000786900000|  0%| F|  |TAMS 0x0000000786800000, 0x0000000786800000| Untracked 
| 105|0x0000000786900000, 0x0000000786900000, 0x0000000786a00000|  0%| F|  |TAMS 0x0000000786900000, 0x0000000786900000| Untracked 
| 106|0x0000000786a00000, 0x0000000786a00000, 0x0000000786b00000|  0%| F|  |TAMS 0x0000000786a00000, 0x0000000786a00000| Untracked 
| 107|0x0000000786b00000, 0x0000000786b00000, 0x0000000786c00000|  0%| F|  |TAMS 0x0000000786b00000, 0x0000000786b00000| Untracked 
| 108|0x0000000786c00000, 0x0000000786c00000, 0x0000000786d00000|  0%| F|  |TAMS 0x0000000786c00000, 0x0000000786c00000| Untracked 
| 109|0x0000000786d00000, 0x0000000786d00000, 0x0000000786e00000|  0%| F|  |TAMS 0x0000000786d00000, 0x0000000786d00000| Untracked 
| 110|0x0000000786e00000, 0x0000000786e00000, 0x0000000786f00000|  0%| F|  |TAMS 0x0000000786e00000, 0x0000000786e00000| Untracked 
| 111|0x0000000786f00000, 0x0000000786f00000, 0x0000000787000000|  0%| F|  |TAMS 0x0000000786f00000, 0x0000000786f00000| Untracked 
| 112|0x0000000787000000, 0x0000000787000000, 0x0000000787100000|  0%| F|  |TAMS 0x0000000787000000, 0x0000000787000000| Untracked 
| 113|0x0000000787100000, 0x0000000787100000, 0x0000000787200000|  0%| F|  |TAMS 0x0000000787100000, 0x0000000787100000| Untracked 
| 114|0x0000000787200000, 0x0000000787200000, 0x0000000787300000|  0%| F|  |TAMS 0x0000000787200000, 0x0000000787200000| Untracked 
| 115|0x0000000787300000, 0x0000000787300000, 0x0000000787400000|  0%| F|  |TAMS 0x0000000787300000, 0x0000000787300000| Untracked 
| 116|0x0000000787400000, 0x0000000787400000, 0x0000000787500000|  0%| F|  |TAMS 0x0000000787400000, 0x0000000787400000| Untracked 
| 117|0x0000000787500000, 0x0000000787500000, 0x0000000787600000|  0%| F|  |TAMS 0x0000000787500000, 0x0000000787500000| Untracked 
| 118|0x0000000787600000, 0x0000000787600000, 0x0000000787700000|  0%| F|  |TAMS 0x0000000787600000, 0x0000000787600000| Untracked 
| 119|0x0000000787700000, 0x0000000787700000, 0x0000000787800000|  0%| F|  |TAMS 0x0000000787700000, 0x0000000787700000| Untracked 
| 120|0x0000000787800000, 0x0000000787800000, 0x0000000787900000|  0%| F|  |TAMS 0x0000000787800000, 0x0000000787800000| Untracked 
| 121|0x0000000787900000, 0x0000000787900000, 0x0000000787a00000|  0%| F|  |TAMS 0x0000000787900000, 0x0000000787900000| Untracked 
| 122|0x0000000787a00000, 0x0000000787a00000, 0x0000000787b00000|  0%| F|  |TAMS 0x0000000787a00000, 0x0000000787a00000| Untracked 
| 123|0x0000000787b00000, 0x0000000787b00000, 0x0000000787c00000|  0%| F|  |TAMS 0x0000000787b00000, 0x0000000787b00000| Untracked 
| 124|0x0000000787c00000, 0x0000000787c00000, 0x0000000787d00000|  0%| F|  |TAMS 0x0000000787c00000, 0x0000000787c00000| Untracked 
| 125|0x0000000787d00000, 0x0000000787d00000, 0x0000000787e00000|  0%| F|  |TAMS 0x0000000787d00000, 0x0000000787d00000| Untracked 
| 126|0x0000000787e00000, 0x0000000787e00000, 0x0000000787f00000|  0%| F|  |TAMS 0x0000000787e00000, 0x0000000787e00000| Untracked 
| 127|0x0000000787f00000, 0x0000000787fd71a8, 0x0000000788000000| 84%| E|  |TAMS 0x0000000787f00000, 0x0000000787f00000| Complete 
|1022|0x00000007bfe00000, 0x00000007bfe47000, 0x00000007bff00000| 27%|OA|  |TAMS 0x00000007bfe00000, 0x00000007bfe00000| Untracked 
|1023|0x00000007bff00000, 0x00000007bff77000, 0x00000007c0000000| 46%|CA|  |TAMS 0x00000007bff00000, 0x00000007bff00000| Untracked 

Card table byte_map: [0x000000010bbcd000,0x000000010bfcd000] _byte_map_base: 0x0000000107fcd000

Marking Bits (Prev, Next): (CMBitMap*) 0x00007f8a66019818, (CMBitMap*) 0x00007f8a66019858
 Prev Bits: [0x000000010c3cd000, 0x000000010e3cd000)
 Next Bits: [0x000000011dfc5000, 0x000000011ffc5000)

Polling page: 0x0000000102464000

Metaspace:

Usage:
  Non-class:      4.07 MB capacity,   723.16 KB ( 17%) used,     3.36 MB ( 83%) free+waste,   192 bytes ( <1%) overhead. 
      Class:    420.00 KB capacity,    83.96 KB ( 20%) used,   335.79 KB ( 80%) free+waste,   256 bytes ( <1%) overhead. 
       Both:      4.48 MB capacity,   807.12 KB ( 18%) used,     3.69 MB ( 82%) free+waste,   448 bytes ( <1%) overhead. 

Virtual space:
  Non-class space:        8.00 MB reserved,       4.25 MB ( 53%) committed 
      Class space:        1.00 GB reserved,     512.00 KB ( <1%) committed 
             Both:        1.01 GB reserved,       4.75 MB ( <1%) committed 

Chunk freelists:
   Non-Class:  40.00 KB
       Class:  24.00 KB
        Both:  64.00 KB

MaxMetaspaceSize: unlimited
CompressedClassSpaceSize: 1.00 GB

CodeHeap 'non-profiled nmethods': size=120032Kb used=15Kb max_used=15Kb free=120016Kb
 bounds [0x0000000116a8d000, 0x0000000116cfd000, 0x000000011dfc5000]
CodeHeap 'profiled nmethods': size=120032Kb used=79Kb max_used=79Kb free=119952Kb
 bounds [0x000000010f555000, 0x000000010f7c5000, 0x0000000116a8d000]
CodeHeap 'non-nmethods': size=5696Kb used=1050Kb max_used=1051Kb free=4645Kb
 bounds [0x000000010efc5000, 0x000000010f235000, 0x000000010f555000]
 total_blobs=371 nmethods=57 adapters=178
 compilation: enabled
              stopped_count=0, restarted_count=0
 full_count=0

Compilation events (20 events):
Event: 0.076 Thread 0x00007f8a6580b000   47       3       java.lang.String::isLatin1 (19 bytes)
Event: 0.077 Thread 0x00007f8a6580b000 nmethod 47 0x000000010f565810 code [0x000000010f5659a0, 0x000000010f565b90]
Event: 0.077 Thread 0x00007f8a6580b000   48       3       java.lang.String::charAt (25 bytes)
Event: 0.078 Thread 0x00007f8a6580b000 nmethod 48 0x000000010f565c10 code [0x000000010f565e00, 0x000000010f566398]
Event: 0.078 Thread 0x00007f8a6580b000   49       3       java.lang.StringLatin1::charAt (28 bytes)
Event: 0.078 Thread 0x00007f8a6580b000 nmethod 49 0x000000010f566590 code [0x000000010f566740, 0x000000010f566988]
Event: 0.080 Thread 0x00007f8a6580b000   50       3       java.lang.String::coder (15 bytes)
Event: 0.081 Thread 0x00007f8a6580b000 nmethod 50 0x000000010f566a90 code [0x000000010f566c20, 0x000000010f566dd0]
Event: 0.092 Thread 0x00007f8a6580b000   51       3       java.lang.String::length (11 bytes)
Event: 0.093 Thread 0x00007f8a6580b000 nmethod 51 0x000000010f566e90 code [0x000000010f567040, 0x000000010f567250]
Event: 0.096 Thread 0x00007f8a6580b000   52       3       java.lang.StringLatin1::canEncode (13 bytes)
Event: 0.096 Thread 0x00007f8a6580b000 nmethod 52 0x000000010f567310 code [0x000000010f5674a0, 0x000000010f567630]
Event: 0.096 Thread 0x00007f8a6580b000   54       3       java.lang.AbstractStringBuilder::ensureCapacityInternal (39 bytes)
Event: 0.097 Thread 0x00007f8a6580b000 nmethod 54 0x000000010f567690 code [0x000000010f567860, 0x000000010f567d58]
Event: 0.097 Thread 0x00007f8a6580b000   55       3       java.lang.StringLatin1::equals (36 bytes)
Event: 0.097 Thread 0x00007f8a6580b000 nmethod 55 0x000000010f567f10 code [0x000000010f5680c0, 0x000000010f568370]
Event: 0.109 Thread 0x00007f8a6580b000   56       3       java.lang.StringLatin1::indexOf (61 bytes)
Event: 0.110 Thread 0x00007f8a6580b000 nmethod 56 0x000000010f568490 code [0x000000010f568660, 0x000000010f568a70]
Event: 0.114 Thread 0x00007f8a6580b000   57       3       java.lang.Math::min (11 bytes)
Event: 0.114 Thread 0x00007f8a6580b000 nmethod 57 0x000000010f568b90 code [0x000000010f568d20, 0x000000010f568eb0]

GC Heap History (0 events):
No events

Deoptimization events (0 events):
No events

Classes unloaded (0 events):
No events

Classes redefined (0 events):
No events

Internal exceptions (0 events):
No events

Events (20 events):
Event: 0.110 loading class Pixel
Event: 0.110 loading class Pixel done
Event: 0.113 loading class java/lang/InterruptedException
Event: 0.113 loading class java/lang/InterruptedException done
Event: 0.113 loading class java/awt/Font
Event: 0.114 loading class java/awt/Font done
Event: 0.114 loading class java/awt/event/MouseEvent
Event: 0.114 loading class java/awt/event/InputEvent
Event: 0.114 loading class java/awt/event/ComponentEvent
Event: 0.115 loading class java/awt/AWTEvent
Event: 0.115 loading class java/util/EventObject
Event: 0.115 loading class java/util/EventObject done
Event: 0.115 loading class java/awt/AWTEvent done
Event: 0.115 loading class java/awt/event/ComponentEvent done
Event: 0.115 loading class java/awt/event/InputEvent done
Event: 0.115 loading class java/awt/event/MouseEvent done
Event: 0.115 loading class java/awt/event/ActionEvent
Event: 0.115 loading class java/awt/event/ActionEvent done
Event: 0.115 loading class java/lang/Class$EnclosingMethodInfo
Event: 0.116 loading class java/lang/Class$EnclosingMethodInfo done


Dynamic libraries:
0x00007fff62b4d000 	/usr/lib/libz.1.dylib
0x0000000101614000 	/Library/Java/JavaVirtualMachines/jdk-13.jdk/Contents/Home/lib/libjli.dylib
0x00007fff36cac000 	/System/Library/Frameworks/Cocoa.framework/Versions/A/Cocoa
0x00007fff42a5a000 	/System/Library/Frameworks/Security.framework/Versions/A/Security
0x00007fff3593e000 	/System/Library/Frameworks/ApplicationServices.framework/Versions/A/ApplicationServices
0x00007fff604a4000 	/usr/lib/libSystem.B.dylib
0x00007fff63343000 	/usr/lib/system/libcache.dylib
0x00007fff63348000 	/usr/lib/system/libcommonCrypto.dylib
0x00007fff63353000 	/usr/lib/system/libcompiler_rt.dylib
0x00007fff6335b000 	/usr/lib/system/libcopyfile.dylib
0x00007fff63365000 	/usr/lib/system/libcorecrypto.dylib
0x00007fff63470000 	/usr/lib/system/libdispatch.dylib
0x00007fff634aa000 	/usr/lib/system/libdyld.dylib
0x00007fff634d7000 	/usr/lib/system/libkeymgr.dylib
0x00007fff634e5000 	/usr/lib/system/liblaunch.dylib
0x00007fff634e6000 	/usr/lib/system/libmacho.dylib
0x00007fff634ec000 	/usr/lib/system/libquarantine.dylib
0x00007fff634ef000 	/usr/lib/system/libremovefile.dylib
0x00007fff634f1000 	/usr/lib/system/libsystem_asl.dylib
0x00007fff63509000 	/usr/lib/system/libsystem_blocks.dylib
0x00007fff6350a000 	/usr/lib/system/libsystem_c.dylib
0x00007fff63592000 	/usr/lib/system/libsystem_configuration.dylib
0x00007fff63596000 	/usr/lib/system/libsystem_coreservices.dylib
0x00007fff6359a000 	/usr/lib/system/libsystem_darwin.dylib
0x00007fff635a1000 	/usr/lib/system/libsystem_dnssd.dylib
0x00007fff635a8000 	/usr/lib/system/libsystem_info.dylib
0x00007fff6361d000 	/usr/lib/system/libsystem_m.dylib
0x00007fff63669000 	/usr/lib/system/libsystem_malloc.dylib
0x00007fff63694000 	/usr/lib/system/libsystem_networkextension.dylib
0x00007fff6369f000 	/usr/lib/system/libsystem_notify.dylib
0x00007fff636bc000 	/usr/lib/system/libsystem_sandbox.dylib
0x00007fff636c0000 	/usr/lib/system/libsystem_secinit.dylib
0x00007fff635f4000 	/usr/lib/system/libsystem_kernel.dylib
0x00007fff636a7000 	/usr/lib/system/libsystem_platform.dylib
0x00007fff636b1000 	/usr/lib/system/libsystem_pthread.dylib
0x00007fff636c3000 	/usr/lib/system/libsystem_symptoms.dylib
0x00007fff636cb000 	/usr/lib/system/libsystem_trace.dylib
0x00007fff636e2000 	/usr/lib/system/libunwind.dylib
0x00007fff636e8000 	/usr/lib/system/libxpc.dylib
0x00007fff61cdd000 	/usr/lib/libobjc.A.dylib
0x00007fff6073d000 	/usr/lib/libc++abi.dylib
0x00007fff606e9000 	/usr/lib/libc++.1.dylib
0x00007fff37521000 	/System/Library/Frameworks/CoreFoundation.framework/Versions/A/CoreFoundation
0x00007fff397a5000 	/System/Library/Frameworks/Foundation.framework/Versions/C/Foundation
0x00007fff34b37000 	/System/Library/Frameworks/AppKit.framework/Versions/C/AppKit
0x00007fff370aa000 	/System/Library/Frameworks/CoreData.framework/Versions/A/CoreData
0x00007fff59f69000 	/System/Library/PrivateFrameworks/RemoteViewServices.framework/Versions/A/RemoteViewServices
0x00007fff5e1e0000 	/System/Library/PrivateFrameworks/UIFoundation.framework/Versions/A/UIFoundation
0x00007fff5f8c5000 	/System/Library/PrivateFrameworks/XCTTargetBootstrap.framework/Versions/A/XCTTargetBootstrap
0x00007fff37430000 	/System/Library/Frameworks/CoreDisplay.framework/Versions/A/CoreDisplay
0x00007fff54ca2000 	/System/Library/PrivateFrameworks/IconServices.framework/Versions/A/IconServices
0x00007fff3c0c7000 	/System/Library/Frameworks/Metal.framework/Versions/A/Metal
0x00007fff4c1e6000 	/System/Library/PrivateFrameworks/DesktopServicesPriv.framework/Versions/A/DesktopServicesPriv
0x00007fff61040000 	/usr/lib/libenergytrace.dylib
0x00007fff5c6c7000 	/System/Library/PrivateFrameworks/SkyLight.framework/Versions/A/SkyLight
0x00007fff37968000 	/System/Library/Frameworks/CoreGraphics.framework/Versions/A/CoreGraphics
0x00007fff33903000 	/System/Library/Frameworks/Accelerate.framework/Versions/A/Accelerate
0x00007fff39eee000 	/System/Library/Frameworks/IOSurface.framework/Versions/A/IOSurface
0x00007fff4c052000 	/System/Library/PrivateFrameworks/DFRFoundation.framework/Versions/A/DFRFoundation
0x00007fff35e21000 	/System/Library/Frameworks/AudioToolbox.framework/Versions/A/AudioToolbox
0x00007fff3609a000 	/System/Library/Frameworks/AudioUnit.framework/Versions/A/AudioUnit
0x00007fff4c0e7000 	/System/Library/PrivateFrameworks/DataDetectorsCore.framework/Versions/A/DataDetectorsCore
0x00007fff367af000 	/System/Library/Frameworks/Carbon.framework/Versions/A/Frameworks/HIToolbox.framework/Versions/A/HIToolbox
0x00007fff61199000 	/usr/lib/libicucore.A.dylib
0x00007fff41fcd000 	/System/Library/Frameworks/QuartzCore.framework/Versions/A/QuartzCore
0x00007fff36b84000 	/System/Library/Frameworks/Carbon.framework/Versions/A/Frameworks/SpeechRecognition.framework/Versions/A/SpeechRecognition
0x00007fff605f8000 	/usr/lib/libauto.dylib
0x00007fff62a40000 	/usr/lib/libxml2.2.dylib
0x00007fff4bc2d000 	/System/Library/PrivateFrameworks/CoreUI.framework/Versions/A/CoreUI
0x00007fff36f95000 	/System/Library/Frameworks/CoreAudio.framework/Versions/A/CoreAudio
0x00007fff395da000 	/System/Library/Frameworks/DiskArbitration.framework/Versions/A/DiskArbitration
0x00007fff61447000 	/usr/lib/liblangid.dylib
0x00007fff560ae000 	/System/Library/PrivateFrameworks/MultitouchSupport.framework/Versions/A/MultitouchSupport
0x00007fff39e5d000 	/System/Library/Frameworks/IOKit.framework/Versions/A/IOKit
0x00007fff60064000 	/usr/lib/libDiagnosticMessagesClient.dylib
0x00007fff38778000 	/System/Library/Frameworks/CoreServices.framework/Versions/A/CoreServices
0x00007fff57d68000 	/System/Library/PrivateFrameworks/PerformanceAnalysis.framework/Versions/A/PerformanceAnalysis
0x00007fff411b4000 	/System/Library/Frameworks/OpenGL.framework/Versions/A/OpenGL
0x00007fff36cba000 	/System/Library/Frameworks/ColorSync.framework/Versions/A/ColorSync
0x00007fff37ffa000 	/System/Library/Frameworks/CoreImage.framework/Versions/A/CoreImage
0x00007fff39150000 	/System/Library/Frameworks/CoreText.framework/Versions/A/CoreText
0x00007fff39f51000 	/System/Library/Frameworks/ImageIO.framework/Versions/A/ImageIO
0x00007fff4827e000 	/System/Library/PrivateFrameworks/Backup.framework/Versions/A/Backup
0x00007fff6054b000 	/usr/lib/libarchive.2.dylib
0x00007fff363f3000 	/System/Library/Frameworks/CFNetwork.framework/Versions/A/CFNetwork
0x00007fff431b6000 	/System/Library/Frameworks/SystemConfiguration.framework/Versions/A/SystemConfiguration
0x00007fff5ff95000 	/usr/lib/libCRFSuite.dylib
0x00007fff606ca000 	/usr/lib/libbsm.0.dylib
0x00007fff634d8000 	/usr/lib/system/libkxld.dylib
0x00007fff4766f000 	/System/Library/PrivateFrameworks/AppleFSCompression.framework/Versions/A/AppleFSCompression
0x00007fff60364000 	/usr/lib/libOpenScriptingUtil.dylib
0x00007fff609f2000 	/usr/lib/libcoretls.dylib
0x00007fff60a09000 	/usr/lib/libcoretls_cfhelpers.dylib
0x00007fff62474000 	/usr/lib/libpam.2.dylib
0x00007fff62634000 	/usr/lib/libsqlite3.dylib
0x00007fff62a2e000 	/usr/lib/libxar.1.dylib
0x00007fff606db000 	/usr/lib/libbz2.1.0.dylib
0x00007fff61449000 	/usr/lib/liblzma.5.dylib
0x00007fff618fa000 	/usr/lib/libnetwork.dylib
0x00007fff60534000 	/usr/lib/libapple_nghttp2.dylib
0x00007fff6247b000 	/usr/lib/libpcap.A.dylib
0x00007fff38b17000 	/System/Library/Frameworks/CoreServices.framework/Versions/A/Frameworks/FSEvents.framework/Versions/A/FSEvents
0x00007fff387f6000 	/System/Library/Frameworks/CoreServices.framework/Versions/A/Frameworks/CarbonCore.framework/Versions/A/CarbonCore
0x00007fff38cd2000 	/System/Library/Frameworks/CoreServices.framework/Versions/A/Frameworks/Metadata.framework/Versions/A/Metadata
0x00007fff38d71000 	/System/Library/Frameworks/CoreServices.framework/Versions/A/Frameworks/OSServices.framework/Versions/A/OSServices
0x00007fff38dbc000 	/System/Library/Frameworks/CoreServices.framework/Versions/A/Frameworks/SearchKit.framework/Versions/A/SearchKit
0x00007fff38779000 	/System/Library/Frameworks/CoreServices.framework/Versions/A/Frameworks/AE.framework/Versions/A/AE
0x00007fff38b20000 	/System/Library/Frameworks/CoreServices.framework/Versions/A/Frameworks/LaunchServices.framework/Versions/A/LaunchServices
0x00007fff38ace000 	/System/Library/Frameworks/CoreServices.framework/Versions/A/Frameworks/DictionaryServices.framework/Versions/A/DictionaryServices
0x00007fff38e24000 	/System/Library/Frameworks/CoreServices.framework/Versions/A/Frameworks/SharedFileList.framework/Versions/A/SharedFileList
0x00007fff3d18f000 	/System/Library/Frameworks/NetFS.framework/Versions/A/NetFS
0x00007fff56314000 	/System/Library/PrivateFrameworks/NetAuth.framework/Versions/A/NetAuth
0x00007fff5fcc9000 	/System/Library/PrivateFrameworks/login.framework/Versions/A/Frameworks/loginsupport.framework/Versions/A/loginsupport
0x00007fff5dde9000 	/System/Library/PrivateFrameworks/TCC.framework/Versions/A/TCC
0x00007fff4b28a000 	/System/Library/PrivateFrameworks/CoreNLP.framework/Versions/A/CoreNLP
0x00007fff55da9000 	/System/Library/PrivateFrameworks/MetadataUtilities.framework/Versions/A/MetadataUtilities
0x00007fff6151e000 	/usr/lib/libmecabra.dylib
0x00007fff3593f000 	/System/Library/Frameworks/ApplicationServices.framework/Versions/A/Frameworks/ATS.framework/Versions/A/ATS
0x00007fff35c8e000 	/System/Library/Frameworks/ApplicationServices.framework/Versions/A/Frameworks/ColorSyncLegacy.framework/Versions/A/ColorSyncLegacy
0x00007fff35d2d000 	/System/Library/Frameworks/ApplicationServices.framework/Versions/A/Frameworks/HIServices.framework/Versions/A/HIServices
0x00007fff35d80000 	/System/Library/Frameworks/ApplicationServices.framework/Versions/A/Frameworks/LangAnalysis.framework/Versions/A/LangAnalysis
0x00007fff35d90000 	/System/Library/Frameworks/ApplicationServices.framework/Versions/A/Frameworks/PrintCore.framework/Versions/A/PrintCore
0x00007fff35dda000 	/System/Library/Frameworks/ApplicationServices.framework/Versions/A/Frameworks/QD.framework/Versions/A/QD
0x00007fff35e14000 	/System/Library/Frameworks/ApplicationServices.framework/Versions/A/Frameworks/SpeechSynthesis.framework/Versions/A/SpeechSynthesis
0x00007fff60765000 	/usr/lib/libcompression.dylib
0x00007fff3c397000 	/System/Library/Frameworks/MetalPerformanceShaders.framework/Versions/A/MetalPerformanceShaders
0x00007fff3391b000 	/System/Library/Frameworks/Accelerate.framework/Versions/A/Frameworks/vImage.framework/Versions/A/vImage
0x00007fff34995000 	/System/Library/Frameworks/Accelerate.framework/Versions/A/Frameworks/vecLib.framework/Versions/A/vecLib
0x00007fff348e1000 	/System/Library/Frameworks/Accelerate.framework/Versions/A/Frameworks/vecLib.framework/Versions/A/libvMisc.dylib
0x00007fff346f9000 	/System/Library/Frameworks/Accelerate.framework/Versions/A/Frameworks/vecLib.framework/Versions/A/libvDSP.dylib
0x00007fff33fb5000 	/System/Library/Frameworks/Accelerate.framework/Versions/A/Frameworks/vecLib.framework/Versions/A/libBLAS.dylib
0x00007fff342a2000 	/System/Library/Frameworks/Accelerate.framework/Versions/A/Frameworks/vecLib.framework/Versions/A/libLAPACK.dylib
0x00007fff3464c000 	/System/Library/Frameworks/Accelerate.framework/Versions/A/Frameworks/vecLib.framework/Versions/A/libLinearAlgebra.dylib
0x00007fff346e5000 	/System/Library/Frameworks/Accelerate.framework/Versions/A/Frameworks/vecLib.framework/Versions/A/libSparseBLAS.dylib
0x00007fff34662000 	/System/Library/Frameworks/Accelerate.framework/Versions/A/Frameworks/vecLib.framework/Versions/A/libQuadrature.dylib
0x00007fff3422f000 	/System/Library/Frameworks/Accelerate.framework/Versions/A/Frameworks/vecLib.framework/Versions/A/libBNNS.dylib
0x00007fff34668000 	/System/Library/Frameworks/Accelerate.framework/Versions/A/Frameworks/vecLib.framework/Versions/A/libSparse.dylib
0x00007fff525d8000 	/System/Library/PrivateFrameworks/GPUWrangler.framework/Versions/A/GPUWrangler
0x00007fff548d7000 	/System/Library/PrivateFrameworks/IOAccelerator.framework/Versions/A/IOAccelerator
0x00007fff548e2000 	/System/Library/PrivateFrameworks/IOPresentment.framework/Versions/A/IOPresentment
0x00007fff4c062000 	/System/Library/PrivateFrameworks/DSExternalDisplay.framework/Versions/A/DSExternalDisplay
0x00007fff4060b000 	/System/Library/Frameworks/OpenGL.framework/Versions/A/Libraries/libCoreFSCache.dylib
0x00007fff3c18b000 	/System/Library/Frameworks/MetalPerformanceShaders.framework/Frameworks/MPSCore.framework/Versions/A/MPSCore
0x00007fff3c1ab000 	/System/Library/Frameworks/MetalPerformanceShaders.framework/Frameworks/MPSImage.framework/Versions/A/MPSImage
0x00007fff3c250000 	/System/Library/Frameworks/MetalPerformanceShaders.framework/Frameworks/MPSNeuralNetwork.framework/Versions/A/MPSNeuralNetwork
0x00007fff3c228000 	/System/Library/Frameworks/MetalPerformanceShaders.framework/Frameworks/MPSMatrix.framework/Versions/A/MPSMatrix
0x00007fff3c37c000 	/System/Library/Frameworks/MetalPerformanceShaders.framework/Frameworks/MPSRayIntersector.framework/Versions/A/MPSRayIntersector
0x00007fff55dd2000 	/System/Library/PrivateFrameworks/MetalTools.framework/Versions/A/MetalTools
0x00007fff46f19000 	/System/Library/PrivateFrameworks/AggregateDictionary.framework/Versions/A/AggregateDictionary
0x00007fff60344000 	/usr/lib/libMobileGestalt.dylib
0x00007fff392b3000 	/System/Library/Frameworks/CoreVideo.framework/Versions/A/CoreVideo
0x00007fff533e9000 	/System/Library/PrivateFrameworks/GraphVisualizer.framework/Versions/A/GraphVisualizer
0x00007fff4d268000 	/System/Library/PrivateFrameworks/FaceCore.framework/Versions/A/FaceCore
0x00007fff3fc39000 	/System/Library/Frameworks/OpenCL.framework/Versions/A/OpenCL
0x00007fff6009c000 	/usr/lib/libFosl_dynamic.dylib
0x00007fff56b7f000 	/System/Library/PrivateFrameworks/OTSVG.framework/Versions/A/OTSVG
0x00007fff35a43000 	/System/Library/Frameworks/ApplicationServices.framework/Versions/A/Frameworks/ATS.framework/Versions/A/Resources/libFontParser.dylib
0x00007fff35b5b000 	/System/Library/Frameworks/ApplicationServices.framework/Versions/A/Frameworks/ATS.framework/Versions/A/Resources/libFontRegistry.dylib
0x00007fff3a1c0000 	/System/Library/Frameworks/ImageIO.framework/Versions/A/Resources/libJPEG.dylib
0x00007fff3a4d2000 	/System/Library/Frameworks/ImageIO.framework/Versions/A/Resources/libTIFF.dylib
0x00007fff3a4a8000 	/System/Library/Frameworks/ImageIO.framework/Versions/A/Resources/libPng.dylib
0x00007fff3a0de000 	/System/Library/Frameworks/ImageIO.framework/Versions/A/Resources/libGIF.dylib
0x00007fff3a0e3000 	/System/Library/Frameworks/ImageIO.framework/Versions/A/Resources/libJP2.dylib
0x00007fff3a4cf000 	/System/Library/Frameworks/ImageIO.framework/Versions/A/Resources/libRadiance.dylib
0x00007fff477c6000 	/System/Library/PrivateFrameworks/AppleJPEG.framework/Versions/A/AppleJPEG
0x00007fff40616000 	/System/Library/Frameworks/OpenGL.framework/Versions/A/Libraries/libGFXShared.dylib
0x00007fff407d9000 	/System/Library/Frameworks/OpenGL.framework/Versions/A/Libraries/libGLU.dylib
0x00007fff4061f000 	/System/Library/Frameworks/OpenGL.framework/Versions/A/Libraries/libGL.dylib
0x00007fff4062b000 	/System/Library/Frameworks/OpenGL.framework/Versions/A/Libraries/libGLImage.dylib
0x00007fff40608000 	/System/Library/Frameworks/OpenGL.framework/Versions/A/Libraries/libCVMSPluginSupport.dylib
0x00007fff40611000 	/System/Library/Frameworks/OpenGL.framework/Versions/A/Libraries/libCoreVMClient.dylib
0x00007fff60eb6000 	/usr/lib/libcups.2.dylib
0x00007fff3b692000 	/System/Library/Frameworks/Kerberos.framework/Versions/A/Kerberos
0x00007fff39bc1000 	/System/Library/Frameworks/GSS.framework/Versions/A/GSS
0x00007fff625c9000 	/usr/lib/libresolv.9.dylib
0x00007fff610a8000 	/usr/lib/libiconv.2.dylib
0x00007fff5355e000 	/System/Library/PrivateFrameworks/Heimdal.framework/Versions/A/Heimdal
0x00007fff61078000 	/usr/lib/libheimdal-asn1.dylib
0x00007fff3fcad000 	/System/Library/Frameworks/OpenDirectory.framework/Versions/A/OpenDirectory
0x00007fff49fed000 	/System/Library/PrivateFrameworks/CommonAuth.framework/Versions/A/CommonAuth
0x00007fff3fc91000 	/System/Library/Frameworks/OpenDirectory.framework/Versions/A/Frameworks/CFOpenDirectory.framework/Versions/A/CFOpenDirectory
0x00007fff42d5b000 	/System/Library/Frameworks/SecurityFoundation.framework/Versions/A/SecurityFoundation
0x00007fff4645f000 	/System/Library/PrivateFrameworks/APFS.framework/Versions/A/APFS
0x00007fff62a2a000 	/usr/lib/libutil.dylib
0x00007fff60753000 	/usr/lib/libcharset.1.dylib
0x00007fff47a63000 	/System/Library/PrivateFrameworks/AppleSauce.framework/Versions/A/AppleSauce
0x00007fff47be4000 	/System/Library/PrivateFrameworks/AssertionServices.framework/Versions/A/AssertionServices
0x00007fff48314000 	/System/Library/PrivateFrameworks/BaseBoard.framework/Versions/A/BaseBoard
0x00007fff61479000 	/usr/lib/libmecab.1.0.0.dylib
0x00007fff61072000 	/usr/lib/libgermantok.dylib
0x00007fff60521000 	/usr/lib/libThaiTokenizer.dylib
0x00007fff5ffcc000 	/usr/lib/libChineseTokenizer.dylib
0x00007fff54f8f000 	/System/Library/PrivateFrameworks/LanguageModeling.framework/Versions/A/LanguageModeling
0x00007fff4accf000 	/System/Library/PrivateFrameworks/CoreEmoji.framework/Versions/A/CoreEmoji
0x00007fff5506b000 	/System/Library/PrivateFrameworks/Lexicon.framework/Versions/A/Lexicon
0x00007fff550ae000 	/System/Library/PrivateFrameworks/LinguisticData.framework/Versions/A/LinguisticData
0x00007fff60754000 	/usr/lib/libcmph.dylib
0x00007fff42e19000 	/System/Library/Frameworks/ServiceManagement.framework/Versions/A/ServiceManagement
0x00007fff48275000 	/System/Library/PrivateFrameworks/BackgroundTaskManagement.framework/Versions/A/BackgroundTaskManagement
0x00007fff62b24000 	/usr/lib/libxslt.1.dylib
0x00007fff36ab1000 	/System/Library/Frameworks/Carbon.framework/Versions/A/Frameworks/Ink.framework/Versions/A/Ink
0x00007fff5e05b000 	/System/Library/PrivateFrameworks/TextureIO.framework/Versions/A/TextureIO
0x00007fff60575000 	/usr/lib/libate.dylib
0x00007fff4bfb1000 	/System/Library/PrivateFrameworks/CrashReporterSupport.framework/Versions/A/CrashReporterSupport
0x00007fff5b795000 	/System/Library/PrivateFrameworks/Sharing.framework/Versions/A/Sharing
0x00007fff47fc7000 	/System/Library/PrivateFrameworks/AuthKit.framework/Versions/A/AuthKit
0x00007fff4751b000 	/System/Library/PrivateFrameworks/Apple80211.framework/Versions/A/Apple80211
0x00007fff4bd59000 	/System/Library/PrivateFrameworks/CoreUtils.framework/Versions/A/CoreUtils
0x00007fff392f4000 	/System/Library/Frameworks/CoreWLAN.framework/Versions/A/CoreWLAN
0x00007fff39cf0000 	/System/Library/Frameworks/IOBluetooth.framework/Versions/A/IOBluetooth
0x00007fff59c09000 	/System/Library/PrivateFrameworks/ProtocolBuffer.framework/Versions/A/ProtocolBuffer
0x00007fff5600a000 	/System/Library/PrivateFrameworks/MobileKeyBag.framework/Versions/A/MobileKeyBag
0x00007fff4b59d000 	/System/Library/PrivateFrameworks/CorePhoneNumbers.framework/Versions/A/CorePhoneNumbers
0x00007fff4777a000 	/System/Library/PrivateFrameworks/AppleIDAuthSupport.framework/Versions/A/AppleIDAuthSupport
0x00007fff54f62000 	/System/Library/PrivateFrameworks/KeychainCircle.framework/Versions/A/KeychainCircle
0x00007fff59dbf000 	/System/Library/PrivateFrameworks/ROCKit.framework/Versions/A/ROCKit
0x00007fff4bf4d000 	/System/Library/PrivateFrameworks/CoreWiFi.framework/Versions/A/CoreWiFi
0x00007fff3707f000 	/System/Library/Frameworks/CoreBluetooth.framework/Versions/A/CoreBluetooth
0x00007fff4c1a8000 	/System/Library/PrivateFrameworks/DebugSymbols.framework/Versions/A/DebugSymbols
0x00007fff4bb19000 	/System/Library/PrivateFrameworks/CoreSymbolication.framework/Versions/A/CoreSymbolication
0x00007fff5d876000 	/System/Library/PrivateFrameworks/Symbolication.framework/Versions/A/Symbolication
0x00007fff5d119000 	/System/Library/PrivateFrameworks/SpeechRecognitionCore.framework/Versions/A/SpeechRecognitionCore
0x000000010163c000 	/Library/Java/JavaVirtualMachines/jdk-13.jdk/Contents/Home/lib/server/libjvm.dylib
0x000000010241d000 	/Library/Java/JavaVirtualMachines/jdk-13.jdk/Contents/Home/lib/libverify.dylib
0x0000000102429000 	/Library/Java/JavaVirtualMachines/jdk-13.jdk/Contents/Home/lib/libjava.dylib
0x00000001024ae000 	/Library/Java/JavaVirtualMachines/jdk-13.jdk/Contents/Home/lib/libzip.dylib
0x00000001024b5000 	/Library/Java/JavaVirtualMachines/jdk-13.jdk/Contents/Home/lib/libjimage.dylib
0x00000001025f1000 	/Library/Java/JavaVirtualMachines/jdk-13.jdk/Contents/Home/lib/libnio.dylib
0x000000010e94d000 	/Library/Java/JavaVirtualMachines/jdk-13.jdk/Contents/Home/lib/./libnet.dylib


VM Arguments:
jvm_args: -Dfile.encoding=UTF-8 
java_command: FlexiblePictureExplorer$8
java_class_path (initial): /Users/sarahpaz/Documents/AP CS A/Picture Project/bin
Launcher Type: SUN_STANDARD

[Global flags]
     intx CICompilerCount                          = 3                                         {product} {ergonomic}
     uint ConcGCThreads                            = 1                                         {product} {ergonomic}
     uint G1ConcRefinementThreads                  = 4                                         {product} {ergonomic}
   size_t G1HeapRegionSize                         = 1048576                                   {product} {ergonomic}
    uintx GCDrainStackTargetSize                   = 64                                        {product} {ergonomic}
   size_t InitialHeapSize                          = 134217728                                 {product} {ergonomic}
   size_t MarkStackSize                            = 4194304                                   {product} {ergonomic}
   size_t MaxHeapSize                              = 2147483648                                {product} {ergonomic}
   size_t MaxNewSize                               = 1287651328                                {product} {ergonomic}
   size_t MinHeapDeltaBytes                        = 1048576                                   {product} {ergonomic}
   size_t MinHeapSize                              = 8388608                                   {product} {ergonomic}
    uintx NonNMethodCodeHeapSize                   = 5830732                                {pd product} {ergonomic}
    uintx NonProfiledCodeHeapSize                  = 122913754                              {pd product} {ergonomic}
    uintx ProfiledCodeHeapSize                     = 122913754                              {pd product} {ergonomic}
    uintx ReservedCodeCacheSize                    = 251658240                              {pd product} {ergonomic}
     bool SegmentedCodeCache                       = true                                      {product} {ergonomic}
   size_t SoftMaxHeapSize                          = 2147483648                             {manageable} {ergonomic}
     bool UseCompressedClassPointers               = true                                 {lp64_product} {ergonomic}
     bool UseCompressedOops                        = true                                 {lp64_product} {ergonomic}
     bool UseG1GC                                  = true                                      {product} {ergonomic}

Logging:
Log output configuration:
 #0: stdout all=warning uptime,level,tags
 #1: stderr all=off uptime,level,tags

Environment Variables:
PATH=/usr/bin:/bin:/usr/sbin:/sbin
SHELL=/bin/bash

Signal Handlers:
SIGSEGV: [libjvm.dylib+0x781750], sa_mask[0]=11111111011111110111111111111111, sa_flags=SA_ONSTACK|SA_RESTART|SA_SIGINFO
SIGBUS: [libjvm.dylib+0x781750], sa_mask[0]=11111111011111110111111111111111, sa_flags=SA_RESTART|SA_SIGINFO
SIGFPE: [libjvm.dylib+0x781750], sa_mask[0]=11111111011111110111111111111111, sa_flags=SA_RESTART|SA_SIGINFO
SIGPIPE: [libjvm.dylib+0x62815d], sa_mask[0]=11111111011111110111111111111111, sa_flags=SA_RESTART|SA_SIGINFO
SIGXFSZ: [libjvm.dylib+0x62815d], sa_mask[0]=11111111011111110111111111111111, sa_flags=SA_RESTART|SA_SIGINFO
SIGILL: [libjvm.dylib+0x781750], sa_mask[0]=11111111011111110111111111111111, sa_flags=SA_RESTART|SA_SIGINFO
SIGUSR2: [libjvm.dylib+0x628747], sa_mask[0]=00100000000000000000000000000000, sa_flags=SA_RESTART|SA_SIGINFO
SIGHUP: [libjvm.dylib+0x627735], sa_mask[0]=11111111011111110111111111111111, sa_flags=SA_RESTART|SA_SIGINFO
SIGINT: [libjvm.dylib+0x627735], sa_mask[0]=11111111011111110111111111111111, sa_flags=SA_RESTART|SA_SIGINFO
SIGTERM: [libjvm.dylib+0x627735], sa_mask[0]=11111111011111110111111111111111, sa_flags=SA_RESTART|SA_SIGINFO
SIGQUIT: [libjvm.dylib+0x627735], sa_mask[0]=11111111011111110111111111111111, sa_flags=SA_RESTART|SA_SIGINFO


---------------  S Y S T E M  ---------------

OS:uname:Darwin 18.7.0 Darwin Kernel Version 18.7.0: Mon Feb 10 21:08:45 PST 2020; root:xnu-4903.278.28~1/RELEASE_X86_64 x86_64
rlimit: STACK 8192k, CORE 0k, NPROC 709, NOFILE 10240, AS infinity, DATA infinity, FSIZE infinity
load average:1.47 1.50 1.55

CPU:total 4 (initial active 4) (2 cores per cpu, 2 threads per core) family 6 model 61 stepping 4, cmov, cx8, fxsr, mmx, sse, sse2, sse3, ssse3, sse4.1, sse4.2, popcnt, avx, avx2, aes, clmul, erms, rtm, 3dnowpref, lzcnt, ht, tsc, tscinvbit, bmi1, bmi2, adx, fma

Memory: 4k page, physical 8388608k(1790112k free), swap 1048576k(1033216k free)

vm_info: Java HotSpot(TM) 64-Bit Server VM (13+33) for bsd-amd64 JRE (13+33), built on Sep 18 2019 20:37:30 by "mach5one" with clang 4.2.1 Compatible Apple LLVM 10.0.0 (clang-1000.11.45.5)

END.
